{"C:\\Users\\helio.vieira\\Documents\\Projeto Hélio Levi\\Nova pasta\\financas-ai\\src\\appFactory.js": {"path":"C:\\Users\\helio.vieira\\Documents\\Projeto Hélio Levi\\Nova pasta\\financas-ai\\src\\appFactory.js","statementMap":{"0":{"start":{"line":8,"column":16},"end":{"line":8,"column":34}},"1":{"start":{"line":9,"column":13},"end":{"line":9,"column":28}},"2":{"start":{"line":10,"column":15},"end":{"line":10,"column":32}},"3":{"start":{"line":11,"column":18},"end":{"line":11,"column":47}},"4":{"start":{"line":13,"column":21},"end":{"line":13,"column":61}},"5":{"start":{"line":14,"column":15},"end":{"line":14,"column":48}},"6":{"start":{"line":16,"column":18},"end":{"line":45,"column":1}},"7":{"start":{"line":17,"column":16},"end":{"line":17,"column":25}},"8":{"start":{"line":20,"column":4},"end":{"line":23,"column":8}},"9":{"start":{"line":26,"column":27},"end":{"line":30,"column":6}},"10":{"start":{"line":31,"column":4},"end":{"line":31,"column":28}},"11":{"start":{"line":33,"column":4},"end":{"line":33,"column":20}},"12":{"start":{"line":34,"column":4},"end":{"line":34,"column":28}},"13":{"start":{"line":37,"column":4},"end":{"line":39,"column":7}},"14":{"start":{"line":38,"column":8},"end":{"line":38,"column":72}},"15":{"start":{"line":42,"column":4},"end":{"line":42,"column":26}},"16":{"start":{"line":44,"column":4},"end":{"line":44,"column":15}},"17":{"start":{"line":47,"column":0},"end":{"line":47,"column":31}}},"fnMap":{"0":{"name":"(anonymous_0)","decl":{"start":{"line":16,"column":18},"end":{"line":16,"column":19}},"loc":{"start":{"line":16,"column":24},"end":{"line":45,"column":1}},"line":16},"1":{"name":"(anonymous_1)","decl":{"start":{"line":37,"column":23},"end":{"line":37,"column":24}},"loc":{"start":{"line":37,"column":37},"end":{"line":39,"column":5}},"line":37}},"branchMap":{},"s":{"0":0,"1":0,"2":0,"3":0,"4":0,"5":0,"6":0,"7":0,"8":0,"9":0,"10":0,"11":0,"12":0,"13":0,"14":0,"15":0,"16":0,"17":0},"f":{"0":0,"1":0},"b":{}}
,"C:\\Users\\helio.vieira\\Documents\\Projeto Hélio Levi\\Nova pasta\\financas-ai\\src\\application\\useCases\\createTransaction.js": {"path":"C:\\Users\\helio.vieira\\Documents\\Projeto Hélio Levi\\Nova pasta\\financas-ai\\src\\application\\useCases\\createTransaction.js","statementMap":{"0":{"start":{"line":9,"column":20},"end":{"line":9,"column":64}},"1":{"start":{"line":10,"column":21},"end":{"line":10,"column":60}},"2":{"start":{"line":14,"column":8},"end":{"line":14,"column":59}},"3":{"start":{"line":15,"column":8},"end":{"line":15,"column":39}},"4":{"start":{"line":19,"column":90},"end":{"line":19,"column":94}},"5":{"start":{"line":22,"column":8},"end":{"line":24,"column":9}},"6":{"start":{"line":23,"column":12},"end":{"line":23,"column":82}},"7":{"start":{"line":27,"column":30},"end":{"line":29,"column":54}},"8":{"start":{"line":32,"column":29},"end":{"line":32,"column":31}},"9":{"start":{"line":33,"column":25},"end":{"line":33,"column":53}},"10":{"start":{"line":34,"column":34},"end":{"line":34,"column":55}},"11":{"start":{"line":35,"column":24},"end":{"line":37,"column":18}},"12":{"start":{"line":39,"column":8},"end":{"line":59,"column":9}},"13":{"start":{"line":39,"column":21},"end":{"line":39,"column":22}},"14":{"start":{"line":40,"column":37},"end":{"line":40,"column":55}},"15":{"start":{"line":41,"column":12},"end":{"line":41,"column":63}},"16":{"start":{"line":42,"column":28},"end":{"line":42,"column":72}},"17":{"start":{"line":44,"column":32},"end":{"line":55,"column":14}},"18":{"start":{"line":57,"column":28},"end":{"line":57,"column":80}},"19":{"start":{"line":58,"column":12},"end":{"line":58,"column":39}},"20":{"start":{"line":61,"column":8},"end":{"line":66,"column":10}},"21":{"start":{"line":65,"column":48},"end":{"line":65,"column":61}},"22":{"start":{"line":70,"column":0},"end":{"line":70,"column":42}}},"fnMap":{"0":{"name":"(anonymous_0)","decl":{"start":{"line":13,"column":4},"end":{"line":13,"column":5}},"loc":{"start":{"line":13,"column":52},"end":{"line":16,"column":5}},"line":13},"1":{"name":"(anonymous_1)","decl":{"start":{"line":18,"column":4},"end":{"line":18,"column":5}},"loc":{"start":{"line":18,"column":32},"end":{"line":67,"column":5}},"line":18},"2":{"name":"(anonymous_2)","decl":{"start":{"line":65,"column":43},"end":{"line":65,"column":44}},"loc":{"start":{"line":65,"column":48},"end":{"line":65,"column":61}},"line":65}},"branchMap":{"0":{"loc":{"start":{"line":19,"column":69},"end":{"line":19,"column":85}},"type":"default-arg","locations":[{"start":{"line":19,"column":84},"end":{"line":19,"column":85}}],"line":19},"1":{"loc":{"start":{"line":22,"column":8},"end":{"line":24,"column":9}},"type":"if","locations":[{"start":{"line":22,"column":8},"end":{"line":24,"column":9}},{"start":{},"end":{}}],"line":22},"2":{"loc":{"start":{"line":22,"column":12},"end":{"line":22,"column":34}},"type":"binary-expr","locations":[{"start":{"line":22,"column":12},"end":{"line":22,"column":19}},{"start":{"line":22,"column":23},"end":{"line":22,"column":34}}],"line":22},"3":{"loc":{"start":{"line":27,"column":30},"end":{"line":29,"column":54}},"type":"cond-expr","locations":[{"start":{"line":28,"column":14},"end":{"line":28,"column":22}},{"start":{"line":29,"column":14},"end":{"line":29,"column":54}}],"line":27},"4":{"loc":{"start":{"line":27,"column":30},"end":{"line":27,"column":63}},"type":"binary-expr","locations":[{"start":{"line":27,"column":30},"end":{"line":27,"column":38}},{"start":{"line":27,"column":42},"end":{"line":27,"column":63}}],"line":27},"5":{"loc":{"start":{"line":35,"column":24},"end":{"line":37,"column":18}},"type":"cond-expr","locations":[{"start":{"line":36,"column":14},"end":{"line":36,"column":46}},{"start":{"line":37,"column":14},"end":{"line":37,"column":18}}],"line":35},"6":{"loc":{"start":{"line":48,"column":32},"end":{"line":48,"column":62}},"type":"binary-expr","locations":[{"start":{"line":48,"column":32},"end":{"line":48,"column":43}},{"start":{"line":48,"column":47},"end":{"line":48,"column":62}}],"line":48},"7":{"loc":{"start":{"line":48,"column":65},"end":{"line":48,"column":118}},"type":"cond-expr","locations":[{"start":{"line":48,"column":84},"end":{"line":48,"column":113}},{"start":{"line":48,"column":116},"end":{"line":48,"column":118}}],"line":48}},"s":{"0":0,"1":0,"2":0,"3":0,"4":0,"5":0,"6":0,"7":0,"8":0,"9":0,"10":0,"11":0,"12":0,"13":0,"14":0,"15":0,"16":0,"17":0,"18":0,"19":0,"20":0,"21":0,"22":0},"f":{"0":0,"1":0,"2":0},"b":{"0":[0],"1":[0,0],"2":[0,0],"3":[0,0],"4":[0,0],"5":[0,0],"6":[0,0],"7":[0,0]}}
,"C:\\Users\\helio.vieira\\Documents\\Projeto Hélio Levi\\Nova pasta\\financas-ai\\src\\controllers\\aiController.js": {"path":"C:\\Users\\helio.vieira\\Documents\\Projeto Hélio Levi\\Nova pasta\\financas-ai\\src\\controllers\\aiController.js","statementMap":{"0":{"start":{"line":12,"column":13},"end":{"line":12,"column":32}},"1":{"start":{"line":13,"column":13},"end":{"line":13,"column":38}},"2":{"start":{"line":14,"column":20},"end":{"line":14,"column":52}},"3":{"start":{"line":15,"column":16},"end":{"line":15,"column":44}},"4":{"start":{"line":16,"column":22},"end":{"line":16,"column":58}},"5":{"start":{"line":17,"column":15},"end":{"line":17,"column":32}},"6":{"start":{"line":19,"column":0},"end":{"line":19,"column":16}},"7":{"start":{"line":21,"column":11},"end":{"line":21,"column":15}},"8":{"start":{"line":22,"column":0},"end":{"line":26,"column":1}},"9":{"start":{"line":23,"column":4},"end":{"line":23,"column":58}},"10":{"start":{"line":25,"column":4},"end":{"line":25,"column":98}},"11":{"start":{"line":40,"column":20},"end":{"line":48,"column":1}},"12":{"start":{"line":41,"column":4},"end":{"line":47,"column":5}},"13":{"start":{"line":42,"column":8},"end":{"line":42,"column":95}},"14":{"start":{"line":44,"column":8},"end":{"line":44,"column":47}},"15":{"start":{"line":46,"column":8},"end":{"line":46,"column":55}},"16":{"start":{"line":58,"column":19},"end":{"line":68,"column":1}},"17":{"start":{"line":59,"column":4},"end":{"line":67,"column":5}},"18":{"start":{"line":60,"column":24},"end":{"line":62,"column":39}},"19":{"start":{"line":63,"column":8},"end":{"line":63,"column":82}},"20":{"start":{"line":63,"column":43},"end":{"line":63,"column":79}},"21":{"start":{"line":65,"column":8},"end":{"line":65,"column":56}},"22":{"start":{"line":66,"column":8},"end":{"line":66,"column":18}},"23":{"start":{"line":77,"column":30},"end":{"line":103,"column":1}},"24":{"start":{"line":78,"column":4},"end":{"line":102,"column":5}},"25":{"start":{"line":79,"column":20},"end":{"line":79,"column":30}},"26":{"start":{"line":80,"column":21},"end":{"line":80,"column":38}},"27":{"start":{"line":81,"column":22},"end":{"line":81,"column":65}},"28":{"start":{"line":82,"column":22},"end":{"line":82,"column":43}},"29":{"start":{"line":83,"column":24},"end":{"line":83,"column":71}},"30":{"start":{"line":84,"column":20},"end":{"line":84,"column":49}},"31":{"start":{"line":86,"column":29},"end":{"line":89,"column":44}},"32":{"start":{"line":91,"column":8},"end":{"line":98,"column":12}},"33":{"start":{"line":91,"column":38},"end":{"line":98,"column":9}},"34":{"start":{"line":100,"column":8},"end":{"line":100,"column":57}},"35":{"start":{"line":101,"column":8},"end":{"line":101,"column":17}},"36":{"start":{"line":114,"column":26},"end":{"line":172,"column":1}},"37":{"start":{"line":115,"column":4},"end":{"line":171,"column":5}},"38":{"start":{"line":116,"column":8},"end":{"line":116,"column":79}},"39":{"start":{"line":118,"column":8},"end":{"line":121,"column":9}},"40":{"start":{"line":119,"column":12},"end":{"line":119,"column":73}},"41":{"start":{"line":120,"column":12},"end":{"line":120,"column":24}},"42":{"start":{"line":123,"column":26},"end":{"line":123,"column":35}},"43":{"start":{"line":124,"column":8},"end":{"line":126,"column":9}},"44":{"start":{"line":125,"column":12},"end":{"line":125,"column":65}},"45":{"start":{"line":129,"column":32},"end":{"line":129,"column":89}},"46":{"start":{"line":130,"column":28},"end":{"line":130,"column":84}},"47":{"start":{"line":132,"column":8},"end":{"line":135,"column":9}},"48":{"start":{"line":133,"column":12},"end":{"line":133,"column":86}},"49":{"start":{"line":134,"column":12},"end":{"line":134,"column":24}},"50":{"start":{"line":137,"column":34},"end":{"line":137,"column":63}},"51":{"start":{"line":138,"column":25},"end":{"line":138,"column":60}},"52":{"start":{"line":139,"column":24},"end":{"line":139,"column":131}},"53":{"start":{"line":141,"column":22},"end":{"line":141,"column":26}},"54":{"start":{"line":143,"column":8},"end":{"line":165,"column":9}},"55":{"start":{"line":143,"column":21},"end":{"line":143,"column":22}},"56":{"start":{"line":144,"column":37},"end":{"line":144,"column":55}},"57":{"start":{"line":145,"column":12},"end":{"line":145,"column":63}},"58":{"start":{"line":146,"column":28},"end":{"line":146,"column":72}},"59":{"start":{"line":148,"column":31},"end":{"line":148,"column":90}},"60":{"start":{"line":150,"column":28},"end":{"line":160,"column":13}},"61":{"start":{"line":162,"column":22},"end":{"line":162,"column":46}},"62":{"start":{"line":163,"column":12},"end":{"line":163,"column":27}},"63":{"start":{"line":164,"column":12},"end":{"line":164,"column":41}},"64":{"start":{"line":164,"column":25},"end":{"line":164,"column":41}},"65":{"start":{"line":167,"column":8},"end":{"line":167,"column":88}},"66":{"start":{"line":168,"column":8},"end":{"line":168,"column":23}},"67":{"start":{"line":170,"column":8},"end":{"line":170,"column":75}},"68":{"start":{"line":181,"column":30},"end":{"line":199,"column":1}},"69":{"start":{"line":182,"column":4},"end":{"line":198,"column":5}},"70":{"start":{"line":183,"column":8},"end":{"line":186,"column":9}},"71":{"start":{"line":184,"column":12},"end":{"line":184,"column":60}},"72":{"start":{"line":185,"column":12},"end":{"line":185,"column":19}},"73":{"start":{"line":188,"column":28},"end":{"line":188,"column":83}},"74":{"start":{"line":189,"column":8},"end":{"line":192,"column":9}},"75":{"start":{"line":190,"column":12},"end":{"line":190,"column":100}},"76":{"start":{"line":191,"column":12},"end":{"line":191,"column":19}},"77":{"start":{"line":194,"column":8},"end":{"line":194,"column":66}},"78":{"start":{"line":195,"column":8},"end":{"line":195,"column":76}},"79":{"start":{"line":197,"column":8},"end":{"line":197,"column":65}},"80":{"start":{"line":201,"column":30},"end":{"line":250,"column":1}},"81":{"start":{"line":202,"column":4},"end":{"line":249,"column":5}},"82":{"start":{"line":203,"column":8},"end":{"line":206,"column":9}},"83":{"start":{"line":204,"column":12},"end":{"line":204,"column":63}},"84":{"start":{"line":205,"column":12},"end":{"line":205,"column":19}},"85":{"start":{"line":208,"column":8},"end":{"line":211,"column":9}},"86":{"start":{"line":209,"column":12},"end":{"line":209,"column":57}},"87":{"start":{"line":210,"column":12},"end":{"line":210,"column":19}},"88":{"start":{"line":213,"column":30},"end":{"line":213,"column":93}},"89":{"start":{"line":214,"column":33},"end":{"line":214,"column":35}},"90":{"start":{"line":216,"column":8},"end":{"line":232,"column":9}},"91":{"start":{"line":217,"column":12},"end":{"line":231,"column":13}},"92":{"start":{"line":218,"column":16},"end":{"line":230,"column":17}},"93":{"start":{"line":219,"column":32},"end":{"line":219,"column":52}},"94":{"start":{"line":220,"column":20},"end":{"line":222,"column":21}},"95":{"start":{"line":221,"column":24},"end":{"line":221,"column":52}},"96":{"start":{"line":223,"column":23},"end":{"line":230,"column":17}},"97":{"start":{"line":224,"column":36},"end":{"line":224,"column":56}},"98":{"start":{"line":225,"column":20},"end":{"line":227,"column":21}},"99":{"start":{"line":226,"column":24},"end":{"line":226,"column":56}},"100":{"start":{"line":229,"column":20},"end":{"line":229,"column":79}},"101":{"start":{"line":234,"column":8},"end":{"line":237,"column":9}},"102":{"start":{"line":235,"column":12},"end":{"line":235,"column":64}},"103":{"start":{"line":236,"column":12},"end":{"line":236,"column":19}},"104":{"start":{"line":239,"column":28},"end":{"line":239,"column":83}},"105":{"start":{"line":240,"column":8},"end":{"line":243,"column":9}},"106":{"start":{"line":241,"column":12},"end":{"line":241,"column":100}},"107":{"start":{"line":242,"column":12},"end":{"line":242,"column":19}},"108":{"start":{"line":245,"column":8},"end":{"line":245,"column":94}},"109":{"start":{"line":246,"column":8},"end":{"line":246,"column":78}},"110":{"start":{"line":248,"column":8},"end":{"line":248,"column":67}},"111":{"start":{"line":255,"column":30},"end":{"line":261,"column":1}},"112":{"start":{"line":256,"column":4},"end":{"line":260,"column":5}},"113":{"start":{"line":257,"column":8},"end":{"line":257,"column":58}},"114":{"start":{"line":259,"column":8},"end":{"line":259,"column":52}},"115":{"start":{"line":286,"column":24},"end":{"line":559,"column":1}},"116":{"start":{"line":287,"column":24},"end":{"line":287,"column":32}},"117":{"start":{"line":288,"column":19},"end":{"line":288,"column":29}},"118":{"start":{"line":290,"column":4},"end":{"line":292,"column":5}},"119":{"start":{"line":291,"column":8},"end":{"line":291,"column":117}},"120":{"start":{"line":294,"column":4},"end":{"line":296,"column":5}},"121":{"start":{"line":295,"column":8},"end":{"line":295,"column":108}},"122":{"start":{"line":298,"column":4},"end":{"line":558,"column":5}},"123":{"start":{"line":299,"column":21},"end":{"line":299,"column":48}},"124":{"start":{"line":300,"column":8},"end":{"line":300,"column":86}},"125":{"start":{"line":300,"column":19},"end":{"line":300,"column":86}},"126":{"start":{"line":307,"column":26},"end":{"line":307,"column":87}},"127":{"start":{"line":309,"column":8},"end":{"line":315,"column":9}},"128":{"start":{"line":310,"column":12},"end":{"line":314,"column":15}},"129":{"start":{"line":318,"column":8},"end":{"line":318,"column":51}},"130":{"start":{"line":325,"column":24},"end":{"line":325,"column":48}},"131":{"start":{"line":328,"column":29},"end":{"line":328,"column":64}},"132":{"start":{"line":331,"column":22},"end":{"line":331,"column":72}},"133":{"start":{"line":331,"column":54},"end":{"line":331,"column":68}},"134":{"start":{"line":332,"column":21},"end":{"line":332,"column":23}},"135":{"start":{"line":333,"column":8},"end":{"line":333,"column":89}},"136":{"start":{"line":333,"column":34},"end":{"line":333,"column":87}},"137":{"start":{"line":334,"column":28},"end":{"line":334,"column":132}},"138":{"start":{"line":334,"column":53},"end":{"line":334,"column":93}},"139":{"start":{"line":334,"column":114},"end":{"line":334,"column":128}},"140":{"start":{"line":335,"column":26},"end":{"line":335,"column":69}},"141":{"start":{"line":338,"column":36},"end":{"line":338,"column":161}},"142":{"start":{"line":338,"column":58},"end":{"line":338,"column":137}},"143":{"start":{"line":341,"column":27},"end":{"line":341,"column":108}},"144":{"start":{"line":341,"column":86},"end":{"line":341,"column":100}},"145":{"start":{"line":348,"column":34},"end":{"line":348,"column":82}},"146":{"start":{"line":351,"column":25},"end":{"line":351,"column":97}},"147":{"start":{"line":354,"column":26},"end":{"line":354,"column":76}},"148":{"start":{"line":357,"column":31},"end":{"line":357,"column":88}},"149":{"start":{"line":364,"column":31},"end":{"line":372,"column":9}},"150":{"start":{"line":370,"column":112},"end":{"line":370,"column":160}},"151":{"start":{"line":374,"column":28},"end":{"line":374,"column":66}},"152":{"start":{"line":377,"column":30},"end":{"line":379,"column":16}},"153":{"start":{"line":378,"column":72},"end":{"line":378,"column":124}},"154":{"start":{"line":382,"column":34},"end":{"line":384,"column":16}},"155":{"start":{"line":383,"column":314},"end":{"line":383,"column":323}},"156":{"start":{"line":387,"column":32},"end":{"line":389,"column":16}},"157":{"start":{"line":392,"column":28},"end":{"line":394,"column":16}},"158":{"start":{"line":393,"column":69},"end":{"line":393,"column":207}},"159":{"start":{"line":397,"column":31},"end":{"line":414,"column":9}},"160":{"start":{"line":416,"column":25},"end":{"line":438,"column":9}},"161":{"start":{"line":437,"column":35},"end":{"line":437,"column":75}},"162":{"start":{"line":440,"column":27},"end":{"line":443,"column":10}},"163":{"start":{"line":445,"column":25},"end":{"line":445,"column":62}},"164":{"start":{"line":446,"column":8},"end":{"line":446,"column":62}},"165":{"start":{"line":447,"column":26},"end":{"line":447,"column":31}},"166":{"start":{"line":449,"column":8},"end":{"line":453,"column":9}},"167":{"start":{"line":450,"column":12},"end":{"line":450,"column":48}},"168":{"start":{"line":451,"column":12},"end":{"line":451,"column":31}},"169":{"start":{"line":452,"column":12},"end":{"line":452,"column":73}},"170":{"start":{"line":455,"column":30},"end":{"line":455,"column":74}},"171":{"start":{"line":456,"column":8},"end":{"line":462,"column":9}},"172":{"start":{"line":457,"column":31},"end":{"line":457,"column":46}},"173":{"start":{"line":458,"column":12},"end":{"line":461,"column":13}},"174":{"start":{"line":459,"column":16},"end":{"line":459,"column":64}},"175":{"start":{"line":460,"column":16},"end":{"line":460,"column":35}},"176":{"start":{"line":463,"column":8},"end":{"line":463,"column":74}},"177":{"start":{"line":465,"column":30},"end":{"line":465,"column":96}},"178":{"start":{"line":466,"column":8},"end":{"line":477,"column":9}},"179":{"start":{"line":467,"column":12},"end":{"line":476,"column":13}},"180":{"start":{"line":468,"column":35},"end":{"line":468,"column":50}},"181":{"start":{"line":469,"column":32},"end":{"line":469,"column":52}},"182":{"start":{"line":470,"column":16},"end":{"line":473,"column":17}},"183":{"start":{"line":471,"column":20},"end":{"line":471,"column":77}},"184":{"start":{"line":472,"column":20},"end":{"line":472,"column":39}},"185":{"start":{"line":475,"column":16},"end":{"line":475,"column":73}},"186":{"start":{"line":478,"column":8},"end":{"line":478,"column":74}},"187":{"start":{"line":480,"column":28},"end":{"line":480,"column":70}},"188":{"start":{"line":481,"column":8},"end":{"line":495,"column":9}},"189":{"start":{"line":482,"column":12},"end":{"line":494,"column":13}},"190":{"start":{"line":483,"column":40},"end":{"line":483,"column":60}},"191":{"start":{"line":486,"column":16},"end":{"line":491,"column":17}},"192":{"start":{"line":487,"column":20},"end":{"line":487,"column":69}},"193":{"start":{"line":488,"column":20},"end":{"line":488,"column":39}},"194":{"start":{"line":490,"column":20},"end":{"line":490,"column":112}},"195":{"start":{"line":493,"column":16},"end":{"line":493,"column":67}},"196":{"start":{"line":496,"column":8},"end":{"line":496,"column":72}},"197":{"start":{"line":499,"column":31},"end":{"line":499,"column":83}},"198":{"start":{"line":500,"column":8},"end":{"line":545,"column":9}},"199":{"start":{"line":501,"column":12},"end":{"line":544,"column":13}},"200":{"start":{"line":502,"column":39},"end":{"line":502,"column":59}},"201":{"start":{"line":504,"column":16},"end":{"line":507,"column":17}},"202":{"start":{"line":505,"column":20},"end":{"line":505,"column":76}},"203":{"start":{"line":506,"column":20},"end":{"line":506,"column":29}},"204":{"start":{"line":509,"column":45},"end":{"line":509,"column":243}},"205":{"start":{"line":510,"column":45},"end":{"line":510,"column":47}},"206":{"start":{"line":512,"column":16},"end":{"line":535,"column":17}},"207":{"start":{"line":513,"column":20},"end":{"line":534,"column":21}},"208":{"start":{"line":514,"column":24},"end":{"line":533,"column":25}},"209":{"start":{"line":515,"column":43},"end":{"line":515,"column":70}},"210":{"start":{"line":516,"column":28},"end":{"line":521,"column":29}},"211":{"start":{"line":517,"column":32},"end":{"line":517,"column":114}},"212":{"start":{"line":518,"column":32},"end":{"line":518,"column":93}},"213":{"start":{"line":519,"column":35},"end":{"line":521,"column":29}},"214":{"start":{"line":520,"column":32},"end":{"line":520,"column":67}},"215":{"start":{"line":522,"column":31},"end":{"line":533,"column":25}},"216":{"start":{"line":523,"column":44},"end":{"line":523,"column":103}},"217":{"start":{"line":524,"column":28},"end":{"line":524,"column":81}},"218":{"start":{"line":524,"column":45},"end":{"line":524,"column":81}},"219":{"start":{"line":525,"column":31},"end":{"line":533,"column":25}},"220":{"start":{"line":526,"column":28},"end":{"line":526,"column":98}},"221":{"start":{"line":527,"column":31},"end":{"line":533,"column":25}},"222":{"start":{"line":528,"column":28},"end":{"line":532,"column":32}},"223":{"start":{"line":528,"column":88},"end":{"line":528,"column":115}},"224":{"start":{"line":528,"column":127},"end":{"line":532,"column":29}},"225":{"start":{"line":537,"column":16},"end":{"line":541,"column":17}},"226":{"start":{"line":538,"column":20},"end":{"line":538,"column":89}},"227":{"start":{"line":539,"column":20},"end":{"line":539,"column":90}},"228":{"start":{"line":540,"column":20},"end":{"line":540,"column":39}},"229":{"start":{"line":543,"column":16},"end":{"line":543,"column":77}},"230":{"start":{"line":546,"column":8},"end":{"line":546,"column":82}},"231":{"start":{"line":548,"column":8},"end":{"line":548,"column":59}},"232":{"start":{"line":550,"column":8},"end":{"line":553,"column":11}},"233":{"start":{"line":556,"column":8},"end":{"line":556,"column":47}},"234":{"start":{"line":557,"column":8},"end":{"line":557,"column":85}},"235":{"start":{"line":581,"column":28},"end":{"line":635,"column":1}},"236":{"start":{"line":582,"column":19},"end":{"line":582,"column":29}},"237":{"start":{"line":583,"column":4},"end":{"line":634,"column":5}},"238":{"start":{"line":584,"column":29},"end":{"line":584,"column":101}},"239":{"start":{"line":585,"column":21},"end":{"line":585,"column":48}},"240":{"start":{"line":587,"column":8},"end":{"line":589,"column":9}},"241":{"start":{"line":588,"column":12},"end":{"line":588,"column":77}},"242":{"start":{"line":592,"column":8},"end":{"line":597,"column":9}},"243":{"start":{"line":593,"column":12},"end":{"line":595,"column":13}},"244":{"start":{"line":594,"column":16},"end":{"line":594,"column":129}},"245":{"start":{"line":596,"column":12},"end":{"line":596,"column":154}},"246":{"start":{"line":599,"column":8},"end":{"line":601,"column":9}},"247":{"start":{"line":600,"column":12},"end":{"line":600,"column":251}},"248":{"start":{"line":603,"column":8},"end":{"line":605,"column":9}},"249":{"start":{"line":604,"column":12},"end":{"line":604,"column":243}},"250":{"start":{"line":607,"column":24},"end":{"line":607,"column":120}},"251":{"start":{"line":607,"column":46},"end":{"line":607,"column":108}},"252":{"start":{"line":608,"column":28},"end":{"line":608,"column":66}},"253":{"start":{"line":610,"column":27},"end":{"line":627,"column":10}},"254":{"start":{"line":629,"column":24},"end":{"line":629,"column":61}},"255":{"start":{"line":630,"column":8},"end":{"line":630,"column":30}},"256":{"start":{"line":632,"column":8},"end":{"line":632,"column":62}},"257":{"start":{"line":633,"column":8},"end":{"line":633,"column":67}},"258":{"start":{"line":644,"column":21},"end":{"line":713,"column":1}},"259":{"start":{"line":645,"column":22},"end":{"line":645,"column":30}},"260":{"start":{"line":646,"column":19},"end":{"line":646,"column":29}},"261":{"start":{"line":648,"column":4},"end":{"line":650,"column":5}},"262":{"start":{"line":649,"column":8},"end":{"line":649,"column":73}},"263":{"start":{"line":652,"column":4},"end":{"line":712,"column":5}},"264":{"start":{"line":653,"column":21},"end":{"line":653,"column":48}},"265":{"start":{"line":654,"column":8},"end":{"line":654,"column":86}},"266":{"start":{"line":654,"column":19},"end":{"line":654,"column":86}},"267":{"start":{"line":656,"column":26},"end":{"line":656,"column":87}},"268":{"start":{"line":657,"column":8},"end":{"line":659,"column":9}},"269":{"start":{"line":658,"column":12},"end":{"line":658,"column":99}},"270":{"start":{"line":661,"column":27},"end":{"line":677,"column":10}},"271":{"start":{"line":679,"column":25},"end":{"line":679,"column":62}},"272":{"start":{"line":682,"column":8},"end":{"line":692,"column":9}},"273":{"start":{"line":683,"column":30},"end":{"line":683,"column":59}},"274":{"start":{"line":684,"column":12},"end":{"line":688,"column":13}},"275":{"start":{"line":685,"column":16},"end":{"line":685,"column":48}},"276":{"start":{"line":687,"column":16},"end":{"line":687,"column":97}},"277":{"start":{"line":690,"column":12},"end":{"line":690,"column":55}},"278":{"start":{"line":691,"column":12},"end":{"line":691,"column":85}},"279":{"start":{"line":694,"column":8},"end":{"line":696,"column":9}},"280":{"start":{"line":695,"column":12},"end":{"line":695,"column":97}},"281":{"start":{"line":698,"column":8},"end":{"line":698,"column":72}},"282":{"start":{"line":699,"column":8},"end":{"line":699,"column":50}},"283":{"start":{"line":701,"column":8},"end":{"line":701,"column":46}},"284":{"start":{"line":703,"column":8},"end":{"line":707,"column":11}},"285":{"start":{"line":710,"column":8},"end":{"line":710,"column":55}},"286":{"start":{"line":711,"column":8},"end":{"line":711,"column":70}},"287":{"start":{"line":715,"column":0},"end":{"line":715,"column":72}}},"fnMap":{"0":{"name":"(anonymous_0)","decl":{"start":{"line":40,"column":20},"end":{"line":40,"column":21}},"loc":{"start":{"line":40,"column":53},"end":{"line":48,"column":1}},"line":40},"1":{"name":"(anonymous_1)","decl":{"start":{"line":58,"column":19},"end":{"line":58,"column":20}},"loc":{"start":{"line":58,"column":49},"end":{"line":68,"column":1}},"line":58},"2":{"name":"(anonymous_2)","decl":{"start":{"line":63,"column":37},"end":{"line":63,"column":38}},"loc":{"start":{"line":63,"column":43},"end":{"line":63,"column":79}},"line":63},"3":{"name":"(anonymous_3)","decl":{"start":{"line":77,"column":30},"end":{"line":77,"column":31}},"loc":{"start":{"line":77,"column":48},"end":{"line":103,"column":1}},"line":77},"4":{"name":"(anonymous_4)","decl":{"start":{"line":91,"column":32},"end":{"line":91,"column":33}},"loc":{"start":{"line":91,"column":38},"end":{"line":98,"column":9}},"line":91},"5":{"name":"(anonymous_5)","decl":{"start":{"line":114,"column":26},"end":{"line":114,"column":27}},"loc":{"start":{"line":114,"column":50},"end":{"line":172,"column":1}},"line":114},"6":{"name":"(anonymous_6)","decl":{"start":{"line":181,"column":30},"end":{"line":181,"column":31}},"loc":{"start":{"line":181,"column":52},"end":{"line":199,"column":1}},"line":181},"7":{"name":"(anonymous_7)","decl":{"start":{"line":201,"column":30},"end":{"line":201,"column":31}},"loc":{"start":{"line":201,"column":61},"end":{"line":250,"column":1}},"line":201},"8":{"name":"(anonymous_8)","decl":{"start":{"line":255,"column":30},"end":{"line":255,"column":31}},"loc":{"start":{"line":255,"column":48},"end":{"line":261,"column":1}},"line":255},"9":{"name":"(anonymous_9)","decl":{"start":{"line":286,"column":24},"end":{"line":286,"column":25}},"loc":{"start":{"line":286,"column":44},"end":{"line":559,"column":1}},"line":286},"10":{"name":"(anonymous_10)","decl":{"start":{"line":331,"column":42},"end":{"line":331,"column":43}},"loc":{"start":{"line":331,"column":54},"end":{"line":331,"column":68}},"line":331},"11":{"name":"(anonymous_11)","decl":{"start":{"line":333,"column":29},"end":{"line":333,"column":30}},"loc":{"start":{"line":333,"column":34},"end":{"line":333,"column":87}},"line":333},"12":{"name":"(anonymous_12)","decl":{"start":{"line":334,"column":48},"end":{"line":334,"column":49}},"loc":{"start":{"line":334,"column":53},"end":{"line":334,"column":93}},"line":334},"13":{"name":"(anonymous_13)","decl":{"start":{"line":334,"column":102},"end":{"line":334,"column":103}},"loc":{"start":{"line":334,"column":114},"end":{"line":334,"column":128}},"line":334},"14":{"name":"(anonymous_14)","decl":{"start":{"line":338,"column":53},"end":{"line":338,"column":54}},"loc":{"start":{"line":338,"column":58},"end":{"line":338,"column":137}},"line":338},"15":{"name":"(anonymous_15)","decl":{"start":{"line":341,"column":74},"end":{"line":341,"column":75}},"loc":{"start":{"line":341,"column":86},"end":{"line":341,"column":100}},"line":341},"16":{"name":"(anonymous_16)","decl":{"start":{"line":370,"column":107},"end":{"line":370,"column":108}},"loc":{"start":{"line":370,"column":112},"end":{"line":370,"column":160}},"line":370},"17":{"name":"(anonymous_17)","decl":{"start":{"line":378,"column":67},"end":{"line":378,"column":68}},"loc":{"start":{"line":378,"column":72},"end":{"line":378,"column":124}},"line":378},"18":{"name":"(anonymous_18)","decl":{"start":{"line":383,"column":309},"end":{"line":383,"column":310}},"loc":{"start":{"line":383,"column":314},"end":{"line":383,"column":323}},"line":383},"19":{"name":"(anonymous_19)","decl":{"start":{"line":393,"column":64},"end":{"line":393,"column":65}},"loc":{"start":{"line":393,"column":69},"end":{"line":393,"column":207}},"line":393},"20":{"name":"(anonymous_20)","decl":{"start":{"line":437,"column":27},"end":{"line":437,"column":28}},"loc":{"start":{"line":437,"column":35},"end":{"line":437,"column":75}},"line":437},"21":{"name":"(anonymous_21)","decl":{"start":{"line":528,"column":83},"end":{"line":528,"column":84}},"loc":{"start":{"line":528,"column":88},"end":{"line":528,"column":115}},"line":528},"22":{"name":"(anonymous_22)","decl":{"start":{"line":528,"column":121},"end":{"line":528,"column":122}},"loc":{"start":{"line":528,"column":127},"end":{"line":532,"column":29}},"line":528},"23":{"name":"(anonymous_23)","decl":{"start":{"line":581,"column":28},"end":{"line":581,"column":29}},"loc":{"start":{"line":581,"column":48},"end":{"line":635,"column":1}},"line":581},"24":{"name":"(anonymous_24)","decl":{"start":{"line":607,"column":41},"end":{"line":607,"column":42}},"loc":{"start":{"line":607,"column":46},"end":{"line":607,"column":108}},"line":607},"25":{"name":"(anonymous_25)","decl":{"start":{"line":644,"column":21},"end":{"line":644,"column":22}},"loc":{"start":{"line":644,"column":41},"end":{"line":713,"column":1}},"line":644}},"branchMap":{"0":{"loc":{"start":{"line":22,"column":0},"end":{"line":26,"column":1}},"type":"if","locations":[{"start":{"line":22,"column":0},"end":{"line":26,"column":1}},{"start":{"line":24,"column":7},"end":{"line":26,"column":1}}],"line":22},"1":{"loc":{"start":{"line":58,"column":34},"end":{"line":58,"column":44}},"type":"default-arg","locations":[{"start":{"line":58,"column":42},"end":{"line":58,"column":44}}],"line":58},"2":{"loc":{"start":{"line":118,"column":8},"end":{"line":121,"column":9}},"type":"if","locations":[{"start":{"line":118,"column":8},"end":{"line":121,"column":9}},{"start":{},"end":{}}],"line":118},"3":{"loc":{"start":{"line":118,"column":12},"end":{"line":118,"column":45}},"type":"binary-expr","locations":[{"start":{"line":118,"column":12},"end":{"line":118,"column":17}},{"start":{"line":118,"column":21},"end":{"line":118,"column":45}}],"line":118},"4":{"loc":{"start":{"line":124,"column":8},"end":{"line":126,"column":9}},"type":"if","locations":[{"start":{"line":124,"column":8},"end":{"line":126,"column":9}},{"start":{},"end":{}}],"line":124},"5":{"loc":{"start":{"line":124,"column":12},"end":{"line":124,"column":118}},"type":"binary-expr","locations":[{"start":{"line":124,"column":12},"end":{"line":124,"column":24}},{"start":{"line":124,"column":28},"end":{"line":124,"column":59}},{"start":{"line":124,"column":63},"end":{"line":124,"column":88}},{"start":{"line":124,"column":92},"end":{"line":124,"column":118}}],"line":124},"6":{"loc":{"start":{"line":129,"column":53},"end":{"line":129,"column":83}},"type":"binary-expr","locations":[{"start":{"line":129,"column":53},"end":{"line":129,"column":78}},{"start":{"line":129,"column":82},"end":{"line":129,"column":83}}],"line":129},"7":{"loc":{"start":{"line":130,"column":49},"end":{"line":130,"column":73}},"type":"binary-expr","locations":[{"start":{"line":130,"column":49},"end":{"line":130,"column":68}},{"start":{"line":130,"column":72},"end":{"line":130,"column":73}}],"line":130},"8":{"loc":{"start":{"line":132,"column":8},"end":{"line":135,"column":9}},"type":"if","locations":[{"start":{"line":132,"column":8},"end":{"line":135,"column":9}},{"start":{},"end":{}}],"line":132},"9":{"loc":{"start":{"line":139,"column":24},"end":{"line":139,"column":131}},"type":"cond-expr","locations":[{"start":{"line":139,"column":46},"end":{"line":139,"column":124}},{"start":{"line":139,"column":127},"end":{"line":139,"column":131}}],"line":139},"10":{"loc":{"start":{"line":148,"column":31},"end":{"line":148,"column":90}},"type":"cond-expr","locations":[{"start":{"line":148,"column":53},"end":{"line":148,"column":85}},{"start":{"line":148,"column":88},"end":{"line":148,"column":90}}],"line":148},"11":{"loc":{"start":{"line":153,"column":33},"end":{"line":153,"column":58}},"type":"binary-expr","locations":[{"start":{"line":153,"column":33},"end":{"line":153,"column":46}},{"start":{"line":153,"column":50},"end":{"line":153,"column":58}}],"line":153},"12":{"loc":{"start":{"line":154,"column":37},"end":{"line":154,"column":59}},"type":"binary-expr","locations":[{"start":{"line":154,"column":37},"end":{"line":154,"column":53}},{"start":{"line":154,"column":57},"end":{"line":154,"column":59}}],"line":154},"13":{"loc":{"start":{"line":155,"column":39},"end":{"line":155,"column":81}},"type":"binary-expr","locations":[{"start":{"line":155,"column":39},"end":{"line":155,"column":58}},{"start":{"line":155,"column":62},"end":{"line":155,"column":81}}],"line":155},"14":{"loc":{"start":{"line":164,"column":12},"end":{"line":164,"column":41}},"type":"if","locations":[{"start":{"line":164,"column":12},"end":{"line":164,"column":41}},{"start":{},"end":{}}],"line":164},"15":{"loc":{"start":{"line":183,"column":8},"end":{"line":186,"column":9}},"type":"if","locations":[{"start":{"line":183,"column":8},"end":{"line":186,"column":9}},{"start":{},"end":{}}],"line":183},"16":{"loc":{"start":{"line":183,"column":12},"end":{"line":183,"column":59}},"type":"binary-expr","locations":[{"start":{"line":183,"column":12},"end":{"line":183,"column":15}},{"start":{"line":183,"column":19},"end":{"line":183,"column":41}},{"start":{"line":183,"column":45},"end":{"line":183,"column":59}}],"line":183},"17":{"loc":{"start":{"line":189,"column":8},"end":{"line":192,"column":9}},"type":"if","locations":[{"start":{"line":189,"column":8},"end":{"line":192,"column":9}},{"start":{},"end":{}}],"line":189},"18":{"loc":{"start":{"line":203,"column":8},"end":{"line":206,"column":9}},"type":"if","locations":[{"start":{"line":203,"column":8},"end":{"line":206,"column":9}},{"start":{},"end":{}}],"line":203},"19":{"loc":{"start":{"line":203,"column":12},"end":{"line":203,"column":59}},"type":"binary-expr","locations":[{"start":{"line":203,"column":12},"end":{"line":203,"column":15}},{"start":{"line":203,"column":19},"end":{"line":203,"column":41}},{"start":{"line":203,"column":45},"end":{"line":203,"column":59}}],"line":203},"20":{"loc":{"start":{"line":208,"column":8},"end":{"line":211,"column":9}},"type":"if","locations":[{"start":{"line":208,"column":8},"end":{"line":211,"column":9}},{"start":{},"end":{}}],"line":208},"21":{"loc":{"start":{"line":208,"column":12},"end":{"line":208,"column":51}},"type":"binary-expr","locations":[{"start":{"line":208,"column":12},"end":{"line":208,"column":20}},{"start":{"line":208,"column":24},"end":{"line":208,"column":51}}],"line":208},"22":{"loc":{"start":{"line":217,"column":12},"end":{"line":231,"column":13}},"type":"if","locations":[{"start":{"line":217,"column":12},"end":{"line":231,"column":13}},{"start":{},"end":{}}],"line":217},"23":{"loc":{"start":{"line":218,"column":16},"end":{"line":230,"column":17}},"type":"if","locations":[{"start":{"line":218,"column":16},"end":{"line":230,"column":17}},{"start":{"line":223,"column":23},"end":{"line":230,"column":17}}],"line":218},"24":{"loc":{"start":{"line":220,"column":20},"end":{"line":222,"column":21}},"type":"if","locations":[{"start":{"line":220,"column":20},"end":{"line":222,"column":21}},{"start":{},"end":{}}],"line":220},"25":{"loc":{"start":{"line":220,"column":24},"end":{"line":220,"column":49}},"type":"binary-expr","locations":[{"start":{"line":220,"column":24},"end":{"line":220,"column":31}},{"start":{"line":220,"column":35},"end":{"line":220,"column":49}}],"line":220},"26":{"loc":{"start":{"line":223,"column":23},"end":{"line":230,"column":17}},"type":"if","locations":[{"start":{"line":223,"column":23},"end":{"line":230,"column":17}},{"start":{"line":228,"column":23},"end":{"line":230,"column":17}}],"line":223},"27":{"loc":{"start":{"line":225,"column":20},"end":{"line":227,"column":21}},"type":"if","locations":[{"start":{"line":225,"column":20},"end":{"line":227,"column":21}},{"start":{},"end":{}}],"line":225},"28":{"loc":{"start":{"line":234,"column":8},"end":{"line":237,"column":9}},"type":"if","locations":[{"start":{"line":234,"column":8},"end":{"line":237,"column":9}},{"start":{},"end":{}}],"line":234},"29":{"loc":{"start":{"line":240,"column":8},"end":{"line":243,"column":9}},"type":"if","locations":[{"start":{"line":240,"column":8},"end":{"line":243,"column":9}},{"start":{},"end":{}}],"line":240},"30":{"loc":{"start":{"line":290,"column":4},"end":{"line":292,"column":5}},"type":"if","locations":[{"start":{"line":290,"column":4},"end":{"line":292,"column":5}},{"start":{},"end":{}}],"line":290},"31":{"loc":{"start":{"line":294,"column":4},"end":{"line":296,"column":5}},"type":"if","locations":[{"start":{"line":294,"column":4},"end":{"line":296,"column":5}},{"start":{},"end":{}}],"line":294},"32":{"loc":{"start":{"line":294,"column":8},"end":{"line":294,"column":72}},"type":"binary-expr","locations":[{"start":{"line":294,"column":8},"end":{"line":294,"column":16}},{"start":{"line":294,"column":20},"end":{"line":294,"column":47}},{"start":{"line":294,"column":51},"end":{"line":294,"column":72}}],"line":294},"33":{"loc":{"start":{"line":300,"column":8},"end":{"line":300,"column":86}},"type":"if","locations":[{"start":{"line":300,"column":8},"end":{"line":300,"column":86}},{"start":{},"end":{}}],"line":300},"34":{"loc":{"start":{"line":307,"column":26},"end":{"line":307,"column":87}},"type":"binary-expr","locations":[{"start":{"line":307,"column":26},"end":{"line":307,"column":58}},{"start":{"line":307,"column":62},"end":{"line":307,"column":87}}],"line":307},"35":{"loc":{"start":{"line":309,"column":8},"end":{"line":315,"column":9}},"type":"if","locations":[{"start":{"line":309,"column":8},"end":{"line":315,"column":9}},{"start":{},"end":{}}],"line":309},"36":{"loc":{"start":{"line":309,"column":12},"end":{"line":309,"column":62}},"type":"binary-expr","locations":[{"start":{"line":309,"column":12},"end":{"line":309,"column":48}},{"start":{"line":309,"column":52},"end":{"line":309,"column":62}}],"line":309},"37":{"loc":{"start":{"line":333,"column":54},"end":{"line":333,"column":75}},"type":"binary-expr","locations":[{"start":{"line":333,"column":54},"end":{"line":333,"column":70}},{"start":{"line":333,"column":74},"end":{"line":333,"column":75}}],"line":333},"38":{"loc":{"start":{"line":335,"column":26},"end":{"line":335,"column":69}},"type":"cond-expr","locations":[{"start":{"line":335,"column":38},"end":{"line":335,"column":65}},{"start":{"line":335,"column":68},"end":{"line":335,"column":69}}],"line":335},"39":{"loc":{"start":{"line":341,"column":27},"end":{"line":341,"column":108}},"type":"cond-expr","locations":[{"start":{"line":341,"column":48},"end":{"line":341,"column":104}},{"start":{"line":341,"column":107},"end":{"line":341,"column":108}}],"line":341},"40":{"loc":{"start":{"line":351,"column":73},"end":{"line":351,"column":96}},"type":"binary-expr","locations":[{"start":{"line":351,"column":73},"end":{"line":351,"column":91}},{"start":{"line":351,"column":95},"end":{"line":351,"column":96}}],"line":351},"41":{"loc":{"start":{"line":365,"column":30},"end":{"line":365,"column":51}},"type":"binary-expr","locations":[{"start":{"line":365,"column":30},"end":{"line":365,"column":46}},{"start":{"line":365,"column":50},"end":{"line":365,"column":51}}],"line":365},"42":{"loc":{"start":{"line":366,"column":32},"end":{"line":366,"column":51}},"type":"binary-expr","locations":[{"start":{"line":366,"column":32},"end":{"line":366,"column":46}},{"start":{"line":366,"column":50},"end":{"line":366,"column":51}}],"line":366},"43":{"loc":{"start":{"line":367,"column":21},"end":{"line":367,"column":53}},"type":"binary-expr","locations":[{"start":{"line":367,"column":21},"end":{"line":367,"column":34}},{"start":{"line":367,"column":38},"end":{"line":367,"column":53}}],"line":367},"44":{"loc":{"start":{"line":367,"column":68},"end":{"line":367,"column":89}},"type":"binary-expr","locations":[{"start":{"line":367,"column":68},"end":{"line":367,"column":84}},{"start":{"line":367,"column":88},"end":{"line":367,"column":89}}],"line":367},"45":{"loc":{"start":{"line":368,"column":32},"end":{"line":368,"column":57}},"type":"binary-expr","locations":[{"start":{"line":368,"column":32},"end":{"line":368,"column":52}},{"start":{"line":368,"column":56},"end":{"line":368,"column":57}}],"line":368},"46":{"loc":{"start":{"line":368,"column":72},"end":{"line":368,"column":96}},"type":"binary-expr","locations":[{"start":{"line":368,"column":72},"end":{"line":368,"column":91}},{"start":{"line":368,"column":95},"end":{"line":368,"column":96}}],"line":368},"47":{"loc":{"start":{"line":368,"column":112},"end":{"line":368,"column":136}},"type":"binary-expr","locations":[{"start":{"line":368,"column":112},"end":{"line":368,"column":131}},{"start":{"line":368,"column":135},"end":{"line":368,"column":136}}],"line":368},"48":{"loc":{"start":{"line":368,"column":157},"end":{"line":368,"column":186}},"type":"binary-expr","locations":[{"start":{"line":368,"column":157},"end":{"line":368,"column":179}},{"start":{"line":368,"column":183},"end":{"line":368,"column":186}}],"line":368},"49":{"loc":{"start":{"line":370,"column":30},"end":{"line":370,"column":195}},"type":"cond-expr","locations":[{"start":{"line":370,"column":84},"end":{"line":370,"column":172}},{"start":{"line":370,"column":175},"end":{"line":370,"column":195}}],"line":370},"50":{"loc":{"start":{"line":370,"column":30},"end":{"line":370,"column":81}},"type":"binary-expr","locations":[{"start":{"line":370,"column":30},"end":{"line":370,"column":48}},{"start":{"line":370,"column":52},"end":{"line":370,"column":81}}],"line":370},"51":{"loc":{"start":{"line":371,"column":35},"end":{"line":371,"column":58}},"type":"binary-expr","locations":[{"start":{"line":371,"column":35},"end":{"line":371,"column":53}},{"start":{"line":371,"column":57},"end":{"line":371,"column":58}}],"line":371},"52":{"loc":{"start":{"line":377,"column":30},"end":{"line":379,"column":16}},"type":"cond-expr","locations":[{"start":{"line":378,"column":14},"end":{"line":378,"column":138}},{"start":{"line":379,"column":14},"end":{"line":379,"column":16}}],"line":377},"53":{"loc":{"start":{"line":382,"column":34},"end":{"line":384,"column":16}},"type":"cond-expr","locations":[{"start":{"line":383,"column":14},"end":{"line":383,"column":338}},{"start":{"line":384,"column":14},"end":{"line":384,"column":16}}],"line":382},"54":{"loc":{"start":{"line":383,"column":186},"end":{"line":383,"column":225}},"type":"cond-expr","locations":[{"start":{"line":383,"column":217},"end":{"line":383,"column":220}},{"start":{"line":383,"column":223},"end":{"line":383,"column":225}}],"line":383},"55":{"loc":{"start":{"line":387,"column":32},"end":{"line":389,"column":16}},"type":"cond-expr","locations":[{"start":{"line":388,"column":14},"end":{"line":388,"column":248}},{"start":{"line":389,"column":14},"end":{"line":389,"column":16}}],"line":387},"56":{"loc":{"start":{"line":392,"column":28},"end":{"line":394,"column":16}},"type":"cond-expr","locations":[{"start":{"line":393,"column":14},"end":{"line":393,"column":221}},{"start":{"line":394,"column":14},"end":{"line":394,"column":16}}],"line":392},"57":{"loc":{"start":{"line":406,"column":65},"end":{"line":406,"column":147}},"type":"cond-expr","locations":[{"start":{"line":406,"column":82},"end":{"line":406,"column":128}},{"start":{"line":406,"column":131},"end":{"line":406,"column":147}}],"line":406},"58":{"loc":{"start":{"line":413,"column":14},"end":{"line":413,"column":68}},"type":"binary-expr","locations":[{"start":{"line":413,"column":14},"end":{"line":413,"column":33}},{"start":{"line":413,"column":37},"end":{"line":413,"column":68}}],"line":413},"59":{"loc":{"start":{"line":449,"column":8},"end":{"line":453,"column":9}},"type":"if","locations":[{"start":{"line":449,"column":8},"end":{"line":453,"column":9}},{"start":{},"end":{}}],"line":449},"60":{"loc":{"start":{"line":458,"column":12},"end":{"line":461,"column":13}},"type":"if","locations":[{"start":{"line":458,"column":12},"end":{"line":461,"column":13}},{"start":{},"end":{}}],"line":458},"61":{"loc":{"start":{"line":470,"column":16},"end":{"line":473,"column":17}},"type":"if","locations":[{"start":{"line":470,"column":16},"end":{"line":473,"column":17}},{"start":{},"end":{}}],"line":470},"62":{"loc":{"start":{"line":486,"column":16},"end":{"line":491,"column":17}},"type":"if","locations":[{"start":{"line":486,"column":16},"end":{"line":491,"column":17}},{"start":{"line":489,"column":23},"end":{"line":491,"column":17}}],"line":486},"63":{"loc":{"start":{"line":504,"column":16},"end":{"line":507,"column":17}},"type":"if","locations":[{"start":{"line":504,"column":16},"end":{"line":507,"column":17}},{"start":{},"end":{}}],"line":504},"64":{"loc":{"start":{"line":504,"column":20},"end":{"line":504,"column":73}},"type":"binary-expr","locations":[{"start":{"line":504,"column":20},"end":{"line":504,"column":35}},{"start":{"line":504,"column":39},"end":{"line":504,"column":73}}],"line":504},"65":{"loc":{"start":{"line":513,"column":20},"end":{"line":534,"column":21}},"type":"if","locations":[{"start":{"line":513,"column":20},"end":{"line":534,"column":21}},{"start":{},"end":{}}],"line":513},"66":{"loc":{"start":{"line":514,"column":24},"end":{"line":533,"column":25}},"type":"if","locations":[{"start":{"line":514,"column":24},"end":{"line":533,"column":25}},{"start":{"line":522,"column":31},"end":{"line":533,"column":25}}],"line":514},"67":{"loc":{"start":{"line":516,"column":28},"end":{"line":521,"column":29}},"type":"if","locations":[{"start":{"line":516,"column":28},"end":{"line":521,"column":29}},{"start":{"line":519,"column":35},"end":{"line":521,"column":29}}],"line":516},"68":{"loc":{"start":{"line":516,"column":32},"end":{"line":516,"column":146}},"type":"binary-expr","locations":[{"start":{"line":516,"column":32},"end":{"line":516,"column":51}},{"start":{"line":516,"column":55},"end":{"line":516,"column":101}},{"start":{"line":516,"column":105},"end":{"line":516,"column":146}}],"line":516},"69":{"loc":{"start":{"line":519,"column":35},"end":{"line":521,"column":29}},"type":"if","locations":[{"start":{"line":519,"column":35},"end":{"line":521,"column":29}},{"start":{},"end":{}}],"line":519},"70":{"loc":{"start":{"line":519,"column":39},"end":{"line":519,"column":72}},"type":"binary-expr","locations":[{"start":{"line":519,"column":39},"end":{"line":519,"column":50}},{"start":{"line":519,"column":54},"end":{"line":519,"column":72}}],"line":519},"71":{"loc":{"start":{"line":522,"column":31},"end":{"line":533,"column":25}},"type":"if","locations":[{"start":{"line":522,"column":31},"end":{"line":533,"column":25}},{"start":{"line":525,"column":31},"end":{"line":533,"column":25}}],"line":522},"72":{"loc":{"start":{"line":523,"column":69},"end":{"line":523,"column":101}},"type":"binary-expr","locations":[{"start":{"line":523,"column":69},"end":{"line":523,"column":96}},{"start":{"line":523,"column":100},"end":{"line":523,"column":101}}],"line":523},"73":{"loc":{"start":{"line":524,"column":28},"end":{"line":524,"column":81}},"type":"if","locations":[{"start":{"line":524,"column":28},"end":{"line":524,"column":81}},{"start":{},"end":{}}],"line":524},"74":{"loc":{"start":{"line":525,"column":31},"end":{"line":533,"column":25}},"type":"if","locations":[{"start":{"line":525,"column":31},"end":{"line":533,"column":25}},{"start":{"line":527,"column":31},"end":{"line":533,"column":25}}],"line":525},"75":{"loc":{"start":{"line":527,"column":31},"end":{"line":533,"column":25}},"type":"if","locations":[{"start":{"line":527,"column":31},"end":{"line":533,"column":25}},{"start":{},"end":{}}],"line":527},"76":{"loc":{"start":{"line":527,"column":35},"end":{"line":527,"column":96}},"type":"binary-expr","locations":[{"start":{"line":527,"column":35},"end":{"line":527,"column":58}},{"start":{"line":527,"column":62},"end":{"line":527,"column":96}}],"line":527},"77":{"loc":{"start":{"line":528,"column":88},"end":{"line":528,"column":115}},"type":"binary-expr","locations":[{"start":{"line":528,"column":88},"end":{"line":528,"column":89}},{"start":{"line":528,"column":93},"end":{"line":528,"column":99}},{"start":{"line":528,"column":103},"end":{"line":528,"column":115}}],"line":528},"78":{"loc":{"start":{"line":530,"column":52},"end":{"line":530,"column":73}},"type":"binary-expr","locations":[{"start":{"line":530,"column":52},"end":{"line":530,"column":68}},{"start":{"line":530,"column":72},"end":{"line":530,"column":73}}],"line":530},"79":{"loc":{"start":{"line":531,"column":66},"end":{"line":531,"column":88}},"type":"binary-expr","locations":[{"start":{"line":531,"column":66},"end":{"line":531,"column":83}},{"start":{"line":531,"column":87},"end":{"line":531,"column":88}}],"line":531},"80":{"loc":{"start":{"line":537,"column":16},"end":{"line":541,"column":17}},"type":"if","locations":[{"start":{"line":537,"column":16},"end":{"line":541,"column":17}},{"start":{},"end":{}}],"line":537},"81":{"loc":{"start":{"line":587,"column":8},"end":{"line":589,"column":9}},"type":"if","locations":[{"start":{"line":587,"column":8},"end":{"line":589,"column":9}},{"start":{},"end":{}}],"line":587},"82":{"loc":{"start":{"line":592,"column":8},"end":{"line":597,"column":9}},"type":"if","locations":[{"start":{"line":592,"column":8},"end":{"line":597,"column":9}},{"start":{},"end":{}}],"line":592},"83":{"loc":{"start":{"line":593,"column":12},"end":{"line":595,"column":13}},"type":"if","locations":[{"start":{"line":593,"column":12},"end":{"line":595,"column":13}},{"start":{},"end":{}}],"line":593},"84":{"loc":{"start":{"line":593,"column":16},"end":{"line":593,"column":55}},"type":"binary-expr","locations":[{"start":{"line":593,"column":16},"end":{"line":593,"column":31}},{"start":{"line":593,"column":35},"end":{"line":593,"column":55}}],"line":593},"85":{"loc":{"start":{"line":599,"column":8},"end":{"line":601,"column":9}},"type":"if","locations":[{"start":{"line":599,"column":8},"end":{"line":601,"column":9}},{"start":{},"end":{}}],"line":599},"86":{"loc":{"start":{"line":599,"column":12},"end":{"line":599,"column":51}},"type":"binary-expr","locations":[{"start":{"line":599,"column":12},"end":{"line":599,"column":27}},{"start":{"line":599,"column":31},"end":{"line":599,"column":51}}],"line":599},"87":{"loc":{"start":{"line":603,"column":8},"end":{"line":605,"column":9}},"type":"if","locations":[{"start":{"line":603,"column":8},"end":{"line":605,"column":9}},{"start":{},"end":{}}],"line":603},"88":{"loc":{"start":{"line":648,"column":4},"end":{"line":650,"column":5}},"type":"if","locations":[{"start":{"line":648,"column":4},"end":{"line":650,"column":5}},{"start":{},"end":{}}],"line":648},"89":{"loc":{"start":{"line":654,"column":8},"end":{"line":654,"column":86}},"type":"if","locations":[{"start":{"line":654,"column":8},"end":{"line":654,"column":86}},{"start":{},"end":{}}],"line":654},"90":{"loc":{"start":{"line":656,"column":26},"end":{"line":656,"column":87}},"type":"binary-expr","locations":[{"start":{"line":656,"column":26},"end":{"line":656,"column":58}},{"start":{"line":656,"column":62},"end":{"line":656,"column":87}}],"line":656},"91":{"loc":{"start":{"line":657,"column":8},"end":{"line":659,"column":9}},"type":"if","locations":[{"start":{"line":657,"column":8},"end":{"line":659,"column":9}},{"start":{},"end":{}}],"line":657},"92":{"loc":{"start":{"line":657,"column":12},"end":{"line":657,"column":62}},"type":"binary-expr","locations":[{"start":{"line":657,"column":12},"end":{"line":657,"column":48}},{"start":{"line":657,"column":52},"end":{"line":657,"column":62}}],"line":657},"93":{"loc":{"start":{"line":684,"column":12},"end":{"line":688,"column":13}},"type":"if","locations":[{"start":{"line":684,"column":12},"end":{"line":688,"column":13}},{"start":{"line":686,"column":19},"end":{"line":688,"column":13}}],"line":684},"94":{"loc":{"start":{"line":694,"column":8},"end":{"line":696,"column":9}},"type":"if","locations":[{"start":{"line":694,"column":8},"end":{"line":696,"column":9}},{"start":{},"end":{}}],"line":694},"95":{"loc":{"start":{"line":694,"column":12},"end":{"line":694,"column":53}},"type":"binary-expr","locations":[{"start":{"line":694,"column":12},"end":{"line":694,"column":17}},{"start":{"line":694,"column":21},"end":{"line":694,"column":33}},{"start":{"line":694,"column":37},"end":{"line":694,"column":53}}],"line":694},"96":{"loc":{"start":{"line":698,"column":20},"end":{"line":698,"column":71}},"type":"binary-expr","locations":[{"start":{"line":698,"column":20},"end":{"line":698,"column":29}},{"start":{"line":698,"column":33},"end":{"line":698,"column":71}}],"line":698}},"s":{"0":0,"1":0,"2":0,"3":0,"4":0,"5":0,"6":0,"7":0,"8":0,"9":0,"10":0,"11":0,"12":0,"13":0,"14":0,"15":0,"16":0,"17":0,"18":0,"19":0,"20":0,"21":0,"22":0,"23":0,"24":0,"25":0,"26":0,"27":0,"28":0,"29":0,"30":0,"31":0,"32":0,"33":0,"34":0,"35":0,"36":0,"37":0,"38":0,"39":0,"40":0,"41":0,"42":0,"43":0,"44":0,"45":0,"46":0,"47":0,"48":0,"49":0,"50":0,"51":0,"52":0,"53":0,"54":0,"55":0,"56":0,"57":0,"58":0,"59":0,"60":0,"61":0,"62":0,"63":0,"64":0,"65":0,"66":0,"67":0,"68":0,"69":0,"70":0,"71":0,"72":0,"73":0,"74":0,"75":0,"76":0,"77":0,"78":0,"79":0,"80":0,"81":0,"82":0,"83":0,"84":0,"85":0,"86":0,"87":0,"88":0,"89":0,"90":0,"91":0,"92":0,"93":0,"94":0,"95":0,"96":0,"97":0,"98":0,"99":0,"100":0,"101":0,"102":0,"103":0,"104":0,"105":0,"106":0,"107":0,"108":0,"109":0,"110":0,"111":0,"112":0,"113":0,"114":0,"115":0,"116":0,"117":0,"118":0,"119":0,"120":0,"121":0,"122":0,"123":0,"124":0,"125":0,"126":0,"127":0,"128":0,"129":0,"130":0,"131":0,"132":0,"133":0,"134":0,"135":0,"136":0,"137":0,"138":0,"139":0,"140":0,"141":0,"142":0,"143":0,"144":0,"145":0,"146":0,"147":0,"148":0,"149":0,"150":0,"151":0,"152":0,"153":0,"154":0,"155":0,"156":0,"157":0,"158":0,"159":0,"160":0,"161":0,"162":0,"163":0,"164":0,"165":0,"166":0,"167":0,"168":0,"169":0,"170":0,"171":0,"172":0,"173":0,"174":0,"175":0,"176":0,"177":0,"178":0,"179":0,"180":0,"181":0,"182":0,"183":0,"184":0,"185":0,"186":0,"187":0,"188":0,"189":0,"190":0,"191":0,"192":0,"193":0,"194":0,"195":0,"196":0,"197":0,"198":0,"199":0,"200":0,"201":0,"202":0,"203":0,"204":0,"205":0,"206":0,"207":0,"208":0,"209":0,"210":0,"211":0,"212":0,"213":0,"214":0,"215":0,"216":0,"217":0,"218":0,"219":0,"220":0,"221":0,"222":0,"223":0,"224":0,"225":0,"226":0,"227":0,"228":0,"229":0,"230":0,"231":0,"232":0,"233":0,"234":0,"235":0,"236":0,"237":0,"238":0,"239":0,"240":0,"241":0,"242":0,"243":0,"244":0,"245":0,"246":0,"247":0,"248":0,"249":0,"250":0,"251":0,"252":0,"253":0,"254":0,"255":0,"256":0,"257":0,"258":0,"259":0,"260":0,"261":0,"262":0,"263":0,"264":0,"265":0,"266":0,"267":0,"268":0,"269":0,"270":0,"271":0,"272":0,"273":0,"274":0,"275":0,"276":0,"277":0,"278":0,"279":0,"280":0,"281":0,"282":0,"283":0,"284":0,"285":0,"286":0,"287":0},"f":{"0":0,"1":0,"2":0,"3":0,"4":0,"5":0,"6":0,"7":0,"8":0,"9":0,"10":0,"11":0,"12":0,"13":0,"14":0,"15":0,"16":0,"17":0,"18":0,"19":0,"20":0,"21":0,"22":0,"23":0,"24":0,"25":0},"b":{"0":[0,0],"1":[0],"2":[0,0],"3":[0,0],"4":[0,0],"5":[0,0,0,0],"6":[0,0],"7":[0,0],"8":[0,0],"9":[0,0],"10":[0,0],"11":[0,0],"12":[0,0],"13":[0,0],"14":[0,0],"15":[0,0],"16":[0,0,0],"17":[0,0],"18":[0,0],"19":[0,0,0],"20":[0,0],"21":[0,0],"22":[0,0],"23":[0,0],"24":[0,0],"25":[0,0],"26":[0,0],"27":[0,0],"28":[0,0],"29":[0,0],"30":[0,0],"31":[0,0],"32":[0,0,0],"33":[0,0],"34":[0,0],"35":[0,0],"36":[0,0],"37":[0,0],"38":[0,0],"39":[0,0],"40":[0,0],"41":[0,0],"42":[0,0],"43":[0,0],"44":[0,0],"45":[0,0],"46":[0,0],"47":[0,0],"48":[0,0],"49":[0,0],"50":[0,0],"51":[0,0],"52":[0,0],"53":[0,0],"54":[0,0],"55":[0,0],"56":[0,0],"57":[0,0],"58":[0,0],"59":[0,0],"60":[0,0],"61":[0,0],"62":[0,0],"63":[0,0],"64":[0,0],"65":[0,0],"66":[0,0],"67":[0,0],"68":[0,0,0],"69":[0,0],"70":[0,0],"71":[0,0],"72":[0,0],"73":[0,0],"74":[0,0],"75":[0,0],"76":[0,0],"77":[0,0,0],"78":[0,0],"79":[0,0],"80":[0,0],"81":[0,0],"82":[0,0],"83":[0,0],"84":[0,0],"85":[0,0],"86":[0,0],"87":[0,0],"88":[0,0],"89":[0,0],"90":[0,0],"91":[0,0],"92":[0,0],"93":[0,0],"94":[0,0],"95":[0,0,0],"96":[0,0]}}
,"C:\\Users\\helio.vieira\\Documents\\Projeto Hélio Levi\\Nova pasta\\financas-ai\\src\\controllers\\analyticsController.js": {"path":"C:\\Users\\helio.vieira\\Documents\\Projeto Hélio Levi\\Nova pasta\\financas-ai\\src\\controllers\\analyticsController.js","statementMap":{"0":{"start":{"line":10,"column":20},"end":{"line":10,"column":52}},"1":{"start":{"line":11,"column":13},"end":{"line":11,"column":38}},"2":{"start":{"line":12,"column":13},"end":{"line":12,"column":32}},"3":{"start":{"line":13,"column":15},"end":{"line":13,"column":32}},"4":{"start":{"line":15,"column":0},"end":{"line":15,"column":16}},"5":{"start":{"line":17,"column":11},"end":{"line":17,"column":15}},"6":{"start":{"line":18,"column":0},"end":{"line":20,"column":1}},"7":{"start":{"line":19,"column":4},"end":{"line":19,"column":58}},"8":{"start":{"line":29,"column":24},"end":{"line":107,"column":1}},"9":{"start":{"line":30,"column":4},"end":{"line":106,"column":5}},"10":{"start":{"line":31,"column":23},"end":{"line":31,"column":33}},"11":{"start":{"line":32,"column":21},"end":{"line":32,"column":48}},"12":{"start":{"line":34,"column":29},"end":{"line":34,"column":39}},"13":{"start":{"line":35,"column":8},"end":{"line":35,"column":59}},"14":{"start":{"line":37,"column":29},"end":{"line":40,"column":28}},"15":{"start":{"line":42,"column":30},"end":{"line":42,"column":32}},"16":{"start":{"line":43,"column":8},"end":{"line":46,"column":11}},"17":{"start":{"line":44,"column":26},"end":{"line":44,"column":44}},"18":{"start":{"line":45,"column":12},"end":{"line":45,"column":74}},"19":{"start":{"line":48,"column":34},"end":{"line":48,"column":36}},"20":{"start":{"line":49,"column":8},"end":{"line":53,"column":11}},"21":{"start":{"line":50,"column":26},"end":{"line":50,"column":44}},"22":{"start":{"line":51,"column":12},"end":{"line":51,"column":73}},"23":{"start":{"line":51,"column":43},"end":{"line":51,"column":73}},"24":{"start":{"line":52,"column":12},"end":{"line":52,"column":106}},"25":{"start":{"line":55,"column":23},"end":{"line":55,"column":56}},"26":{"start":{"line":56,"column":27},"end":{"line":58,"column":15}},"27":{"start":{"line":57,"column":60},"end":{"line":57,"column":65}},"28":{"start":{"line":60,"column":26},"end":{"line":60,"column":51}},"29":{"start":{"line":61,"column":31},"end":{"line":61,"column":60}},"30":{"start":{"line":63,"column":30},"end":{"line":63,"column":32}},"31":{"start":{"line":64,"column":8},"end":{"line":68,"column":11}},"32":{"start":{"line":65,"column":12},"end":{"line":67,"column":15}},"33":{"start":{"line":66,"column":16},"end":{"line":66,"column":69}},"34":{"start":{"line":69,"column":8},"end":{"line":71,"column":11}},"35":{"start":{"line":70,"column":12},"end":{"line":70,"column":68}},"36":{"start":{"line":73,"column":29},"end":{"line":73,"column":39}},"37":{"start":{"line":74,"column":32},"end":{"line":74,"column":70}},"38":{"start":{"line":75,"column":29},"end":{"line":75,"column":64}},"39":{"start":{"line":77,"column":27},"end":{"line":77,"column":37}},"40":{"start":{"line":78,"column":30},"end":{"line":78,"column":133}},"41":{"start":{"line":79,"column":25},"end":{"line":79,"column":62}},"42":{"start":{"line":80,"column":31},"end":{"line":80,"column":72}},"43":{"start":{"line":82,"column":30},"end":{"line":82,"column":54}},"44":{"start":{"line":83,"column":27},"end":{"line":83,"column":78}},"45":{"start":{"line":83,"column":60},"end":{"line":83,"column":74}},"46":{"start":{"line":85,"column":8},"end":{"line":103,"column":11}},"47":{"start":{"line":105,"column":8},"end":{"line":105,"column":55}},"48":{"start":{"line":119,"column":21},"end":{"line":119,"column":23}},"49":{"start":{"line":120,"column":19},"end":{"line":120,"column":52}},"50":{"start":{"line":123,"column":4},"end":{"line":133,"column":5}},"51":{"start":{"line":124,"column":23},"end":{"line":124,"column":63}},"52":{"start":{"line":125,"column":22},"end":{"line":125,"column":62}},"53":{"start":{"line":126,"column":22},"end":{"line":126,"column":65}},"54":{"start":{"line":128,"column":8},"end":{"line":132,"column":9}},"55":{"start":{"line":129,"column":12},"end":{"line":129,"column":127}},"56":{"start":{"line":130,"column":15},"end":{"line":132,"column":9}},"57":{"start":{"line":131,"column":12},"end":{"line":131,"column":133}},"58":{"start":{"line":136,"column":23},"end":{"line":136,"column":80}},"59":{"start":{"line":136,"column":68},"end":{"line":136,"column":79}},"60":{"start":{"line":137,"column":4},"end":{"line":139,"column":5}},"61":{"start":{"line":138,"column":8},"end":{"line":138,"column":135}},"62":{"start":{"line":142,"column":23},"end":{"line":142,"column":83}},"63":{"start":{"line":142,"column":67},"end":{"line":142,"column":79}},"64":{"start":{"line":143,"column":19},"end":{"line":143,"column":38}},"65":{"start":{"line":144,"column":4},"end":{"line":146,"column":5}},"66":{"start":{"line":145,"column":8},"end":{"line":145,"column":168}},"67":{"start":{"line":148,"column":4},"end":{"line":148,"column":20}},"68":{"start":{"line":158,"column":28},"end":{"line":220,"column":1}},"69":{"start":{"line":159,"column":4},"end":{"line":219,"column":5}},"70":{"start":{"line":160,"column":23},"end":{"line":160,"column":33}},"71":{"start":{"line":162,"column":29},"end":{"line":164,"column":29}},"72":{"start":{"line":166,"column":29},"end":{"line":166,"column":31}},"73":{"start":{"line":167,"column":8},"end":{"line":173,"column":11}},"74":{"start":{"line":168,"column":25},"end":{"line":168,"column":91}},"75":{"start":{"line":169,"column":12},"end":{"line":171,"column":13}},"76":{"start":{"line":170,"column":16},"end":{"line":170,"column":40}},"77":{"start":{"line":172,"column":12},"end":{"line":172,"column":39}},"78":{"start":{"line":175,"column":30},"end":{"line":175,"column":32}},"79":{"start":{"line":176,"column":25},"end":{"line":176,"column":437}},"80":{"start":{"line":178,"column":8},"end":{"line":203,"column":9}},"81":{"start":{"line":179,"column":12},"end":{"line":179,"column":41}},"82":{"start":{"line":179,"column":32},"end":{"line":179,"column":41}},"83":{"start":{"line":181,"column":31},"end":{"line":181,"column":67}},"84":{"start":{"line":181,"column":50},"end":{"line":181,"column":66}},"85":{"start":{"line":182,"column":28},"end":{"line":182,"column":50}},"86":{"start":{"line":182,"column":41},"end":{"line":182,"column":49}},"87":{"start":{"line":183,"column":30},"end":{"line":183,"column":81}},"88":{"start":{"line":183,"column":55},"end":{"line":183,"column":60}},"89":{"start":{"line":184,"column":32},"end":{"line":184,"column":79}},"90":{"start":{"line":184,"column":51},"end":{"line":184,"column":78}},"91":{"start":{"line":186,"column":12},"end":{"line":202,"column":13}},"92":{"start":{"line":187,"column":36},"end":{"line":187,"column":63}},"93":{"start":{"line":187,"column":49},"end":{"line":187,"column":55}},"94":{"start":{"line":188,"column":33},"end":{"line":188,"column":78}},"95":{"start":{"line":189,"column":28},"end":{"line":189,"column":38}},"96":{"start":{"line":190,"column":38},"end":{"line":190,"column":90}},"97":{"start":{"line":192,"column":16},"end":{"line":201,"column":19}},"98":{"start":{"line":205,"column":29},"end":{"line":207,"column":53}},"99":{"start":{"line":206,"column":25},"end":{"line":206,"column":50}},"100":{"start":{"line":207,"column":32},"end":{"line":207,"column":49}},"101":{"start":{"line":209,"column":8},"end":{"line":216,"column":11}},"102":{"start":{"line":210,"column":56},"end":{"line":210,"column":81}},"103":{"start":{"line":218,"column":8},"end":{"line":218,"column":55}},"104":{"start":{"line":229,"column":21},"end":{"line":266,"column":1}},"105":{"start":{"line":230,"column":4},"end":{"line":232,"column":5}},"106":{"start":{"line":231,"column":8},"end":{"line":231,"column":78}},"107":{"start":{"line":234,"column":4},"end":{"line":265,"column":5}},"108":{"start":{"line":235,"column":23},"end":{"line":235,"column":33}},"109":{"start":{"line":236,"column":21},"end":{"line":236,"column":48}},"110":{"start":{"line":237,"column":8},"end":{"line":237,"column":84}},"111":{"start":{"line":237,"column":19},"end":{"line":237,"column":84}},"112":{"start":{"line":239,"column":29},"end":{"line":241,"column":22}},"113":{"start":{"line":243,"column":24},"end":{"line":245,"column":20}},"114":{"start":{"line":244,"column":12},"end":{"line":244,"column":74}},"115":{"start":{"line":247,"column":27},"end":{"line":260,"column":10}},"116":{"start":{"line":262,"column":8},"end":{"line":262,"column":69}},"117":{"start":{"line":264,"column":8},"end":{"line":264,"column":55}},"118":{"start":{"line":268,"column":0},"end":{"line":272,"column":2}}},"fnMap":{"0":{"name":"(anonymous_0)","decl":{"start":{"line":29,"column":24},"end":{"line":29,"column":25}},"loc":{"start":{"line":29,"column":44},"end":{"line":107,"column":1}},"line":29},"1":{"name":"(anonymous_1)","decl":{"start":{"line":43,"column":29},"end":{"line":43,"column":30}},"loc":{"start":{"line":43,"column":34},"end":{"line":46,"column":9}},"line":43},"2":{"name":"(anonymous_2)","decl":{"start":{"line":49,"column":29},"end":{"line":49,"column":30}},"loc":{"start":{"line":49,"column":34},"end":{"line":53,"column":9}},"line":49},"3":{"name":"(anonymous_3)","decl":{"start":{"line":57,"column":50},"end":{"line":57,"column":51}},"loc":{"start":{"line":57,"column":60},"end":{"line":57,"column":65}},"line":57},"4":{"name":"(anonymous_4)","decl":{"start":{"line":64,"column":23},"end":{"line":64,"column":24}},"loc":{"start":{"line":64,"column":28},"end":{"line":68,"column":9}},"line":64},"5":{"name":"(anonymous_5)","decl":{"start":{"line":65,"column":63},"end":{"line":65,"column":64}},"loc":{"start":{"line":65,"column":79},"end":{"line":67,"column":13}},"line":65},"6":{"name":"(anonymous_6)","decl":{"start":{"line":69,"column":43},"end":{"line":69,"column":44}},"loc":{"start":{"line":69,"column":50},"end":{"line":71,"column":9}},"line":69},"7":{"name":"(anonymous_7)","decl":{"start":{"line":83,"column":48},"end":{"line":83,"column":49}},"loc":{"start":{"line":83,"column":60},"end":{"line":83,"column":74}},"line":83},"8":{"name":"generateInsights","decl":{"start":{"line":118,"column":15},"end":{"line":118,"column":31}},"loc":{"start":{"line":118,"column":68},"end":{"line":149,"column":1}},"line":118},"9":{"name":"(anonymous_9)","decl":{"start":{"line":136,"column":58},"end":{"line":136,"column":59}},"loc":{"start":{"line":136,"column":68},"end":{"line":136,"column":79}},"line":136},"10":{"name":"(anonymous_10)","decl":{"start":{"line":142,"column":57},"end":{"line":142,"column":58}},"loc":{"start":{"line":142,"column":67},"end":{"line":142,"column":79}},"line":142},"11":{"name":"(anonymous_11)","decl":{"start":{"line":158,"column":28},"end":{"line":158,"column":29}},"loc":{"start":{"line":158,"column":48},"end":{"line":220,"column":1}},"line":158},"12":{"name":"(anonymous_12)","decl":{"start":{"line":167,"column":29},"end":{"line":167,"column":30}},"loc":{"start":{"line":167,"column":34},"end":{"line":173,"column":9}},"line":167},"13":{"name":"(anonymous_13)","decl":{"start":{"line":181,"column":45},"end":{"line":181,"column":46}},"loc":{"start":{"line":181,"column":50},"end":{"line":181,"column":66}},"line":181},"14":{"name":"(anonymous_14)","decl":{"start":{"line":182,"column":36},"end":{"line":182,"column":37}},"loc":{"start":{"line":182,"column":41},"end":{"line":182,"column":49}},"line":182},"15":{"name":"(anonymous_15)","decl":{"start":{"line":183,"column":45},"end":{"line":183,"column":46}},"loc":{"start":{"line":183,"column":55},"end":{"line":183,"column":60}},"line":183},"16":{"name":"(anonymous_16)","decl":{"start":{"line":184,"column":46},"end":{"line":184,"column":47}},"loc":{"start":{"line":184,"column":51},"end":{"line":184,"column":78}},"line":184},"17":{"name":"(anonymous_17)","decl":{"start":{"line":187,"column":44},"end":{"line":187,"column":45}},"loc":{"start":{"line":187,"column":49},"end":{"line":187,"column":55}},"line":187},"18":{"name":"(anonymous_18)","decl":{"start":{"line":206,"column":20},"end":{"line":206,"column":21}},"loc":{"start":{"line":206,"column":25},"end":{"line":206,"column":50}},"line":206},"19":{"name":"(anonymous_19)","decl":{"start":{"line":207,"column":20},"end":{"line":207,"column":21}},"loc":{"start":{"line":207,"column":32},"end":{"line":207,"column":49}},"line":207},"20":{"name":"(anonymous_20)","decl":{"start":{"line":210,"column":46},"end":{"line":210,"column":47}},"loc":{"start":{"line":210,"column":56},"end":{"line":210,"column":81}},"line":210},"21":{"name":"(anonymous_21)","decl":{"start":{"line":229,"column":21},"end":{"line":229,"column":22}},"loc":{"start":{"line":229,"column":41},"end":{"line":266,"column":1}},"line":229},"22":{"name":"(anonymous_22)","decl":{"start":{"line":243,"column":41},"end":{"line":243,"column":42}},"loc":{"start":{"line":244,"column":12},"end":{"line":244,"column":74}},"line":244}},"branchMap":{"0":{"loc":{"start":{"line":18,"column":0},"end":{"line":20,"column":1}},"type":"if","locations":[{"start":{"line":18,"column":0},"end":{"line":20,"column":1}},{"start":{},"end":{}}],"line":18},"1":{"loc":{"start":{"line":45,"column":36},"end":{"line":45,"column":61}},"type":"binary-expr","locations":[{"start":{"line":45,"column":36},"end":{"line":45,"column":56}},{"start":{"line":45,"column":60},"end":{"line":45,"column":61}}],"line":45},"2":{"loc":{"start":{"line":51,"column":12},"end":{"line":51,"column":73}},"type":"if","locations":[{"start":{"line":51,"column":12},"end":{"line":51,"column":73}},{"start":{},"end":{}}],"line":51},"3":{"loc":{"start":{"line":52,"column":52},"end":{"line":52,"column":93}},"type":"binary-expr","locations":[{"start":{"line":52,"column":52},"end":{"line":52,"column":88}},{"start":{"line":52,"column":92},"end":{"line":52,"column":93}}],"line":52},"4":{"loc":{"start":{"line":56,"column":27},"end":{"line":58,"column":15}},"type":"cond-expr","locations":[{"start":{"line":57,"column":14},"end":{"line":57,"column":85}},{"start":{"line":58,"column":14},"end":{"line":58,"column":15}}],"line":56},"5":{"loc":{"start":{"line":61,"column":31},"end":{"line":61,"column":60}},"type":"binary-expr","locations":[{"start":{"line":61,"column":31},"end":{"line":61,"column":55}},{"start":{"line":61,"column":59},"end":{"line":61,"column":60}}],"line":61},"6":{"loc":{"start":{"line":65,"column":27},"end":{"line":65,"column":53}},"type":"binary-expr","locations":[{"start":{"line":65,"column":27},"end":{"line":65,"column":47}},{"start":{"line":65,"column":51},"end":{"line":65,"column":53}}],"line":65},"7":{"loc":{"start":{"line":66,"column":38},"end":{"line":66,"column":61}},"type":"binary-expr","locations":[{"start":{"line":66,"column":38},"end":{"line":66,"column":56}},{"start":{"line":66,"column":60},"end":{"line":66,"column":61}}],"line":66},"8":{"loc":{"start":{"line":75,"column":29},"end":{"line":75,"column":64}},"type":"binary-expr","locations":[{"start":{"line":75,"column":29},"end":{"line":75,"column":59}},{"start":{"line":75,"column":63},"end":{"line":75,"column":64}}],"line":75},"9":{"loc":{"start":{"line":82,"column":30},"end":{"line":82,"column":54}},"type":"binary-expr","locations":[{"start":{"line":82,"column":30},"end":{"line":82,"column":48}},{"start":{"line":82,"column":52},"end":{"line":82,"column":54}}],"line":82},"10":{"loc":{"start":{"line":94,"column":28},"end":{"line":94,"column":47}},"type":"binary-expr","locations":[{"start":{"line":94,"column":28},"end":{"line":94,"column":42}},{"start":{"line":94,"column":46},"end":{"line":94,"column":47}}],"line":94},"11":{"loc":{"start":{"line":95,"column":33},"end":{"line":95,"column":52}},"type":"binary-expr","locations":[{"start":{"line":95,"column":33},"end":{"line":95,"column":47}},{"start":{"line":95,"column":51},"end":{"line":95,"column":52}}],"line":95},"12":{"loc":{"start":{"line":123,"column":4},"end":{"line":133,"column":5}},"type":"if","locations":[{"start":{"line":123,"column":4},"end":{"line":133,"column":5}},{"start":{},"end":{}}],"line":123},"13":{"loc":{"start":{"line":128,"column":8},"end":{"line":132,"column":9}},"type":"if","locations":[{"start":{"line":128,"column":8},"end":{"line":132,"column":9}},{"start":{"line":130,"column":15},"end":{"line":132,"column":9}}],"line":128},"14":{"loc":{"start":{"line":130,"column":15},"end":{"line":132,"column":9}},"type":"if","locations":[{"start":{"line":130,"column":15},"end":{"line":132,"column":9}},{"start":{},"end":{}}],"line":130},"15":{"loc":{"start":{"line":137,"column":4},"end":{"line":139,"column":5}},"type":"if","locations":[{"start":{"line":137,"column":4},"end":{"line":139,"column":5}},{"start":{},"end":{}}],"line":137},"16":{"loc":{"start":{"line":142,"column":24},"end":{"line":142,"column":48}},"type":"binary-expr","locations":[{"start":{"line":142,"column":24},"end":{"line":142,"column":42}},{"start":{"line":142,"column":46},"end":{"line":142,"column":48}}],"line":142},"17":{"loc":{"start":{"line":143,"column":19},"end":{"line":143,"column":38}},"type":"binary-expr","locations":[{"start":{"line":143,"column":19},"end":{"line":143,"column":33}},{"start":{"line":143,"column":37},"end":{"line":143,"column":38}}],"line":143},"18":{"loc":{"start":{"line":144,"column":4},"end":{"line":146,"column":5}},"type":"if","locations":[{"start":{"line":144,"column":4},"end":{"line":146,"column":5}},{"start":{},"end":{}}],"line":144},"19":{"loc":{"start":{"line":144,"column":8},"end":{"line":144,"column":47}},"type":"binary-expr","locations":[{"start":{"line":144,"column":8},"end":{"line":144,"column":18}},{"start":{"line":144,"column":22},"end":{"line":144,"column":47}}],"line":144},"20":{"loc":{"start":{"line":169,"column":12},"end":{"line":171,"column":13}},"type":"if","locations":[{"start":{"line":169,"column":12},"end":{"line":171,"column":13}},{"start":{},"end":{}}],"line":169},"21":{"loc":{"start":{"line":179,"column":12},"end":{"line":179,"column":41}},"type":"if","locations":[{"start":{"line":179,"column":12},"end":{"line":179,"column":41}},{"start":{},"end":{}}],"line":179},"22":{"loc":{"start":{"line":186,"column":12},"end":{"line":202,"column":13}},"type":"if","locations":[{"start":{"line":186,"column":12},"end":{"line":202,"column":13}},{"start":{},"end":{}}],"line":186},"23":{"loc":{"start":{"line":186,"column":16},"end":{"line":186,"column":62}},"type":"binary-expr","locations":[{"start":{"line":186,"column":16},"end":{"line":186,"column":26}},{"start":{"line":186,"column":31},"end":{"line":186,"column":46}},{"start":{"line":186,"column":50},"end":{"line":186,"column":61}}],"line":186},"24":{"loc":{"start":{"line":196,"column":31},"end":{"line":196,"column":105}},"type":"cond-expr","locations":[{"start":{"line":196,"column":49},"end":{"line":196,"column":58}},{"start":{"line":196,"column":61},"end":{"line":196,"column":105}}],"line":196},"25":{"loc":{"start":{"line":196,"column":61},"end":{"line":196,"column":105}},"type":"cond-expr","locations":[{"start":{"line":196,"column":79},"end":{"line":196,"column":90}},{"start":{"line":196,"column":93},"end":{"line":196,"column":105}}],"line":196},"26":{"loc":{"start":{"line":199,"column":35},"end":{"line":199,"column":86}},"type":"cond-expr","locations":[{"start":{"line":199,"column":56},"end":{"line":199,"column":65}},{"start":{"line":199,"column":68},"end":{"line":199,"column":86}}],"line":199},"27":{"loc":{"start":{"line":230,"column":4},"end":{"line":232,"column":5}},"type":"if","locations":[{"start":{"line":230,"column":4},"end":{"line":232,"column":5}},{"start":{},"end":{}}],"line":230},"28":{"loc":{"start":{"line":237,"column":8},"end":{"line":237,"column":84}},"type":"if","locations":[{"start":{"line":237,"column":8},"end":{"line":237,"column":84}},{"start":{},"end":{}}],"line":237},"29":{"loc":{"start":{"line":255,"column":114},"end":{"line":255,"column":133}},"type":"binary-expr","locations":[{"start":{"line":255,"column":114},"end":{"line":255,"column":128}},{"start":{"line":255,"column":132},"end":{"line":255,"column":133}}],"line":255},"30":{"loc":{"start":{"line":255,"column":156},"end":{"line":255,"column":177}},"type":"binary-expr","locations":[{"start":{"line":255,"column":156},"end":{"line":255,"column":172}},{"start":{"line":255,"column":176},"end":{"line":255,"column":177}}],"line":255}},"s":{"0":0,"1":0,"2":0,"3":0,"4":0,"5":0,"6":0,"7":0,"8":0,"9":0,"10":0,"11":0,"12":0,"13":0,"14":0,"15":0,"16":0,"17":0,"18":0,"19":0,"20":0,"21":0,"22":0,"23":0,"24":0,"25":0,"26":0,"27":0,"28":0,"29":0,"30":0,"31":0,"32":0,"33":0,"34":0,"35":0,"36":0,"37":0,"38":0,"39":0,"40":0,"41":0,"42":0,"43":0,"44":0,"45":0,"46":0,"47":0,"48":0,"49":0,"50":0,"51":0,"52":0,"53":0,"54":0,"55":0,"56":0,"57":0,"58":0,"59":0,"60":0,"61":0,"62":0,"63":0,"64":0,"65":0,"66":0,"67":0,"68":0,"69":0,"70":0,"71":0,"72":0,"73":0,"74":0,"75":0,"76":0,"77":0,"78":0,"79":0,"80":0,"81":0,"82":0,"83":0,"84":0,"85":0,"86":0,"87":0,"88":0,"89":0,"90":0,"91":0,"92":0,"93":0,"94":0,"95":0,"96":0,"97":0,"98":0,"99":0,"100":0,"101":0,"102":0,"103":0,"104":0,"105":0,"106":0,"107":0,"108":0,"109":0,"110":0,"111":0,"112":0,"113":0,"114":0,"115":0,"116":0,"117":0,"118":0},"f":{"0":0,"1":0,"2":0,"3":0,"4":0,"5":0,
[...]
,"end":{}}],"line":297},"35":{"loc":{"start":{"line":299,"column":8},"end":{"line":303,"column":9}},"type":"if","locations":[{"start":{"line":299,"column":8},"end":{"line":303,"column":9}},{"start":{"line":301,"column":15},"end":{"line":303,"column":9}}],"line":299},"36":{"loc":{"start":{"line":301,"column":15},"end":{"line":303,"column":9}},"type":"if","locations":[{"start":{"line":301,"column":15},"end":{"line":303,"column":9}},{"start":{},"end":{}}],"line":301},"37":{"loc":{"start":{"line":306,"column":4},"end":{"line":311,"column":5}},"type":"if","locations":[{"start":{"line":306,"column":4},"end":{"line":311,"column":5}},{"start":{},"end":{}}],"line":306},"38":{"loc":{"start":{"line":308,"column":8},"end":{"line":310,"column":9}},"type":"if","locations":[{"start":{"line":308,"column":8},"end":{"line":310,"column":9}},{"start":{},"end":{}}],"line":308}},"s":{"0":0,"1":0,"2":0,"3":0,"4":0,"5":0,"6":0,"7":0,"8":0,"9":0,"10":0,"11":0,"12":0,"13":0,"14":0,"15":0,"16":0,"17":0,"18":0,"19":0,"20":0,"21":0,"22":0,"23":0,"24":0,"25":0,"26":0,"27":0,"28":0,"29":0,"30":0,"31":0,"32":0,"33":0,"34":0,"35":0,"36":0,"37":0,"38":0,"39":0,"40":0,"41":0,"42":0,"43":0,"44":0,"45":0,"46":0,"47":0,"48":0,"49":0,"50":0,"51":0,"52":0,"53":0,"54":0,"55":0,"56":0,"57":0,"58":0,"59":0,"60":0,"61":0,"62":0,"63":0,"64":0,"65":0,"66":0,"67":0,"68":0,"69":0,"70":0,"71":0,"72":0,"73":0,"74":0,"75":0,"76":0,"77":0,"78":0,"79":0,"80":0,"81":0,"82":0,"83":0,"84":0,"85":0,"86":0,"87":0,"88":0,"89":0,"90":0,"91":0,"92":0,"93":0,"94":0,"95":0,"96":0,"97":0,"98":0,"99":0,"100":0,"101":0,"102":0,"103":0,"104":0,"105":0,"106":0,"107":0,"108":0,"109":0,"110":0,"111":0,"112":0,"113":0,"114":0,"115":0,"116":0,"117":0,"118":0,"119":0,"120":0,"121":0,"122":0,"123":0,"124":0,"125":0,"126":0,"127":0,"128":0,"129":0,"130":0,"131":0,"132":0,"133":0,"134":0,"135":0,"136":0,"137":0,"138":0,"139":0,"140":0,"141":0,"142":0,"143":0,"144":0,"145":0,"146":0,"147":0,"148":0,"149":0,"150":0,"151":0,"152":0,"153":0,"154":0,"155":0,"156":0,"157":0,"158":0,"159":0,"160":0,"161":0,"162":0,"163":0,"164":0,"165":0},"f":{"0":0,"1":0,"2":0,"3":0,"4":0,"5":0,"6":0,"7":0,"8":0,"9":0,"10":0,"11":0,"12":0,"13":0,"14":0,"15":0},"b":{"0":[0,0],"1":[0,0],"2":[0,0],"3":[0,0],"4":[0,0],"5":[0,0],"6":[0,0],"7":[0,0],"8":[0,0],"9":[0,0],"10":[0,0],"11":[0,0],"12":[0,0],"13":[0,0],"14":[0,0],"15":[0,0],"16":[0,0],"17":[0,0],"18":[0,0],"19":[0,0],"20":[0,0],"21":[0,0],"22":[0,0],"23":[0,0],"24":[0,0],"25":[0,0],"26":[0,0],"27":[0,0],"28":[0],"29":[0,0],"30":[0,0],"31":[0,0],"32":[0,0],"33":[0,0],"34":[0,0],"35":[0,0],"36":[0,0],"37":[0,0],"38":[0,0]}}
,"C:\\Users\\helio.vieira\\Documents\\Projeto Hélio Levi\\Nova pasta\\financas-ai\\src\\services\\proactiveAlerts.js": {"path":"C:\\Users\\helio.vieira\\Documents\\Projeto Hélio Levi\\Nova pasta\\financas-ai\\src\\services\\proactiveAlerts.js","statementMap":{"0":{"start":{"line":10,"column":13},"end":{"line":10,"column":38}},"1":{"start":{"line":11,"column":20},"end":{"line":11,"column":52}},"2":{"start":{"line":20,"column":27},"end":{"line":113,"column":1}},"3":{"start":{"line":21,"column":17},"end":{"line":21,"column":44}},"4":{"start":{"line":22,"column":4},"end":{"line":22,"column":25}},"5":{"start":{"line":22,"column":15},"end":{"line":22,"column":25}},"6":{"start":{"line":24,"column":16},"end":{"line":24,"column":26}},"7":{"start":{"line":25,"column":24},"end":{"line":25,"column":41}},"8":{"start":{"line":26,"column":25},"end":{"line":26,"column":43}},"9":{"start":{"line":28,"column":18},"end":{"line":28,"column":78}},"10":{"start":{"line":29,"column":20},"end":{"line":29,"column":68}},"11":{"start":{"line":30,"column":16},"end":{"line":30,"column":84}},"12":{"start":{"line":32,"column":25},"end":{"line":35,"column":6}},"13":{"start":{"line":37,"column":23},"end":{"line":37,"column":73}},"14":{"start":{"line":37,"column":55},"end":{"line":37,"column":69}},"15":{"start":{"line":38,"column":23},"end":{"line":38,"column":104}},"16":{"start":{"line":38,"column":82},"end":{"line":38,"column":96}},"17":{"start":{"line":39,"column":27},"end":{"line":39,"column":50}},"18":{"start":{"line":41,"column":19},"end":{"line":41,"column":21}},"19":{"start":{"line":43,"column":4},"end":{"line":60,"column":5}},"20":{"start":{"line":44,"column":22},"end":{"line":44,"column":72}},"21":{"start":{"line":45,"column":8},"end":{"line":59,"column":9}},"22":{"start":{"line":46,"column":12},"end":{"line":51,"column":15}},"23":{"start":{"line":52,"column":15},"end":{"line":59,"column":9}},"24":{"start":{"line":53,"column":12},"end":{"line":58,"column":15}},"25":{"start":{"line":62,"column":4},"end":{"line":79,"column":5}},"26":{"start":{"line":63,"column":24},"end":{"line":63,"column":67}},"27":{"start":{"line":64,"column":8},"end":{"line":78,"column":9}},"28":{"start":{"line":65,"column":12},"end":{"line":70,"column":15}},"29":{"start":{"line":71,"column":15},"end":{"line":78,"column":9}},"30":{"start":{"line":72,"column":12},"end":{"line":77,"column":15}},"31":{"start":{"line":81,"column":4},"end":{"line":91,"column":5}},"32":{"start":{"line":82,"column":27},"end":{"line":82,"column":66}},"33":{"start":{"line":83,"column":8},"end":{"line":90,"column":9}},"34":{"start":{"line":84,"column":12},"end":{"line":89,"column":15}},"35":{"start":{"line":93,"column":23},"end":{"line":93,"column":36}},"36":{"start":{"line":94,"column":4},"end":{"line":101,"column":5}},"37":{"start":{"line":95,"column":8},"end":{"line":100,"column":11}},"38":{"start":{"line":103,"column":4},"end":{"line":110,"column":5}},"39":{"start":{"line":104,"column":8},"end":{"line":109,"column":11}},"40":{"start":{"line":112,"column":4},"end":{"line":112,"column":18}},"41":{"start":{"line":115,"column":0},"end":{"line":115,"column":40}}},"fnMap":{"0":{"name":"(anonymous_0)","decl":{"start":{"line":20,"column":27},"end":{"line":20,"column":28}},"loc":{"start":{"line":20,"column":45},"end":{"line":113,"column":1}},"line":20},"1":{"name":"(anonymous_1)","decl":{"start":{"line":37,"column":43},"end":{"line":37,"column":44}},"loc":{"start":{"line":37,"column":55},"end":{"line":37,"column":69}},"line":37},"2":{"name":"(anonymous_2)","decl":{"start":{"line":38,"column":70},"end":{"line":38,"column":71}},"loc":{"start":{"line":38,"column":82},"end":{"line":38,"column":96}},"line":38}},"branchMap":{"0":{"loc":{"start":{"line":22,"column":4},"end":{"line":22,"column":25}},"type":"if","locations":[{"start":{"line":22,"column":4},"end":{"line":22,"column":25}},{"start":{},"end":{}}],"line":22},"1":{"loc":{"start":{"line":38,"column":23},"end":{"line":38,"column":104}},"type":"cond-expr","locations":[{"start":{"line":38,"column":44},"end":{"line":38,"column":100}},{"start":{"line":38,"column":103},"end":{"line":38,"column":104}}],"line":38},"2":{"loc":{"start":{"line":43,"column":4},"end":{"line":60,"column":5}},"type":"if","locations":[{"start":{"line":43,"column":4},"end":{"line":60,"column":5}},{"start":{},"end":{}}],"line":43},"3":{"loc":{"start":{"line":43,"column":8},"end":{"line":43,"column":59}},"type":"binary-expr","locations":[{"start":{"line":43,"column":8},"end":{"line":43,"column":32}},{"start":{"line":43,"column":36},"end":{"line":43,"column":59}}],"line":43},"4":{"loc":{"start":{"line":45,"column":8},"end":{"line":59,"column":9}},"type":"if","locations":[{"start":{"line":45,"column":8},"end":{"line":59,"column":9}},{"start":{"line":52,"column":15},"end":{"line":59,"column":9}}],"line":45},"5":{"loc":{"start":{"line":52,"column":15},"end":{"line":59,"column":9}},"type":"if","locations":[{"start":{"line":52,"column":15},"end":{"line":59,"column":9}},{"start":{},"end":{}}],"line":52},"6":{"loc":{"start":{"line":62,"column":4},"end":{"line":79,"column":5}},"type":"if","locations":[{"start":{"line":62,"column":4},"end":{"line":79,"column":5}},{"start":{},"end":{}}],"line":62},"7":{"loc":{"start":{"line":64,"column":8},"end":{"line":78,"column":9}},"type":"if","locations":[{"start":{"line":64,"column":8},"end":{"line":78,"column":9}},{"start":{"line":71,"column":15},"end":{"line":78,"column":9}}],"line":64},"8":{"loc":{"start":{"line":71,"column":15},"end":{"line":78,"column":9}},"type":"if","locations":[{"start":{"line":71,"column":15},"end":{"line":78,"column":9}},{"start":{},"end":{}}],"line":71},"9":{"loc":{"start":{"line":81,"column":4},"end":{"line":91,"column":5}},"type":"if","locations":[{"start":{"line":81,"column":4},"end":{"line":91,"column":5}},{"start":{},"end":{}}],"line":81},"10":{"loc":{"start":{"line":83,"column":8},"end":{"line":90,"column":9}},"type":"if","locations":[{"start":{"line":83,"column":8},"end":{"line":90,"column":9}},{"start":{},"end":{}}],"line":83},"11":{"loc":{"start":{"line":94,"column":4},"end":{"line":101,"column":5}},"type":"if","locations":[{"start":{"line":94,"column":4},"end":{"line":101,"column":5}},{"start":{},"end":{}}],"line":94},"12":{"loc":{"start":{"line":103,"column":4},"end":{"line":110,"column":5}},"type":"if","locations":[{"start":{"line":103,"column":4},"end":{"line":110,"column":5}},{"start":{},"end":{}}],"line":103},"13":{"loc":{"start":{"line":103,"column":8},"end":{"line":103,"column":71}},"type":"binary-expr","locations":[{"start":{"line":103,"column":8},"end":{"line":103,"column":28}},{"start":{"line":103,"column":32},"end":{"line":103,"column":71}}],"line":103}},"s":{"0":0,"1":0,"2":0,"3":0,"4":0,"5":0,"6":0,"7":0,"8":0,"9":0,"10":0,"11":0,"12":0,"13":0,"14":0,"15":0,"16":0,"17":0,"18":0,"19":0,"20":0,"21":0,"22":0,"23":0,"24":0,"25":0,"26":0,"27":0,"28":0,"29":0,"30":0,"31":0,"32":0,"33":0,"34":0,"35":0,"36":0,"37":0,"38":0,"39":0,"40":0,"41":0},"f":{"0":0,"1":0,"2":0},"b":{"0":[0,0],"1":[0,0],"2":[0,0],"3":[0,0],"4":[0,0],"5":[0,0],"6":[0,0],"7":[0,0],"8":[0,0],"9":[0,0],"10":[0,0],"11":[0,0],"12":[0,0],"13":[0,0]}}
,"C:\\Users\\helio.vieira\\Documents\\Projeto Hélio Levi\\Nova pasta\\financas-ai\\src\\shared\\errors\\AppError.js": {"path":"C:\\Users\\helio.vieira\\Documents\\Projeto Hélio Levi\\Nova pasta\\financas-ai\\src\\shared\\errors\\AppError.js","statementMap":{"0":{"start":{"line":10,"column":8},"end":{"line":10,"column":23}},"1":{"start":{"line":11,"column":8},"end":{"line":11,"column":37}},"2":{"start":{"line":12,"column":8},"end":{"line":12,"column":43}},"3":{"start":{"line":13,"column":8},"end":{"line":13,"column":39}},"4":{"start":{"line":14,"column":8},"end":{"line":14,"column":56}},"5":{"start":{"line":20,"column":8},"end":{"line":20,"column":28}},"6":{"start":{"line":21,"column":8},"end":{"line":21,"column":29}},"7":{"start":{"line":27,"column":8},"end":{"line":27,"column":52}},"8":{"start":{"line":33,"column":8},"end":{"line":33,"column":28}},"9":{"start":{"line":39,"column":8},"end":{"line":39,"column":28}},"10":{"start":{"line":45,"column":8},"end":{"line":45,"column":28}},"11":{"start":{"line":51,"column":8},"end":{"line":51,"column":61}},"12":{"start":{"line":55,"column":0},"end":{"line":63,"column":2}}},"fnMap":{"0":{"name":"(anonymous_0)","decl":{"start":{"line":9,"column":4},"end":{"line":9,"column":5}},"loc":{"start":{"line":9,"column":65},"end":{"line":15,"column":5}},"line":9},"1":{"name":"(anonymous_1)","decl":{"start":{"line":19,"column":4},"end":{"line":19,"column":5}},"loc":{"start":{"line":19,"column":38},"end":{"line":22,"column":5}},"line":19},"2":{"name":"(anonymous_2)","decl":{"start":{"line":26,"column":4},"end":{"line":26,"column":5}},"loc":{"start":{"line":26,"column":39},"end":{"line":28,"column":5}},"line":26},"3":{"name":"(anonymous_3)","decl":{"start":{"line":32,"column":4},"end":{"line":32,"column":5}},"loc":{"start":{"line":32,"column":51},"end":{"line":34,"column":5}},"line":32},"4":{"name":"(anonymous_4)","decl":{"start":{"line":38,"column":4},"end":{"line":38,"column":5}},"loc":{"start":{"line":38,"column":45},"end":{"line":40,"column":5}},"line":38},"5":{"name":"(anonymous_5)","decl":{"start":{"line":44,"column":4},"end":{"line":44,"column":5}},"loc":{"start":{"line":44,"column":25},"end":{"line":46,"column":5}},"line":44},"6":{"name":"(anonymous_6)","decl":{"start":{"line":50,"column":4},"end":{"line":50,"column":5}},"loc":{"start":{"line":50,"column":34},"end":{"line":52,"column":5}},"line":50}},"branchMap":{"0":{"loc":{"start":{"line":9,"column":25},"end":{"line":9,"column":41}},"type":"default-arg","locations":[{"start":{"line":9,"column":38},"end":{"line":9,"column":41}}],"line":9},"1":{"loc":{"start":{"line":9,"column":43},"end":{"line":9,"column":63}},"type":"default-arg","locations":[{"start":{"line":9,"column":59},"end":{"line":9,"column":63}}],"line":9},"2":{"loc":{"start":{"line":19,"column":25},"end":{"line":19,"column":36}},"type":"default-arg","locations":[{"start":{"line":19,"column":34},"end":{"line":19,"column":36}}],"line":19},"3":{"loc":{"start":{"line":26,"column":16},"end":{"line":26,"column":37}},"type":"default-arg","locations":[{"start":{"line":26,"column":27},"end":{"line":26,"column":37}}],"line":26},"4":{"loc":{"start":{"line":32,"column":16},"end":{"line":32,"column":49}},"type":"default-arg","locations":[{"start":{"line":32,"column":26},"end":{"line":32,"column":49}}],"line":32},"5":{"loc":{"start":{"line":38,"column":16},"end":{"line":38,"column":43}},"type":"default-arg","locations":[{"start":{"line":38,"column":26},"end":{"line":38,"column":43}}],"line":38}},"s":{"0":0,"1":0,"2":0,"3":0,"4":0,"5":0,"6":0,"7":0,"8":0,"9":0,"10":0,"11":0,"12":0},"f":{"0":0,"1":0,"2":0,"3":0,"4":0,"5":0,"6":0},"b":{"0":[0],"1":[0],"2":[0],"3":[0],"4":[0],"5":[0]}}
,"C:\\Users\\helio.vieira\\Documents\\Projeto Hélio Levi\\Nova pasta\\financas-ai\\src\\shared\\errors\\errorHandler.js": {"path":"C:\\Users\\helio.vieira\\Documents\\Projeto Hélio Levi\\Nova pasta\\financas-ai\\src\\shared\\errors\\errorHandler.js","statementMap":{"0":{"start":{"line":8,"column":21},"end":{"line":8,"column":50}},"1":{"start":{"line":9,"column":15},"end":{"line":9,"column":41}},"2":{"start":{"line":11,"column":26},"end":{"line":14,"column":1}},"3":{"start":{"line":12,"column":20},"end":{"line":12,"column":67}},"4":{"start":{"line":13,"column":4},"end":{"line":13,"column":38}},"5":{"start":{"line":16,"column":32},"end":{"line":20,"column":1}},"6":{"start":{"line":17,"column":18},"end":{"line":17,"column":46}},"7":{"start":{"line":18,"column":20},"end":{"line":18,"column":60}},"8":{"start":{"line":19,"column":4},"end":{"line":19,"column":38}},"9":{"start":{"line":22,"column":32},"end":{"line":25,"column":1}},"10":{"start":{"line":23,"column":19},"end":{"line":23,"column":64}},"11":{"start":{"line":23,"column":54},"end":{"line":23,"column":63}},"12":{"start":{"line":24,"column":4},"end":{"line":24,"column":60}},"13":{"start":{"line":27,"column":21},"end":{"line":33,"column":1}},"14":{"start":{"line":28,"column":4},"end":{"line":32,"column":7}},"15":{"start":{"line":35,"column":22},"end":{"line":48,"column":1}},"16":{"start":{"line":36,"column":4},"end":{"line":47,"column":5}},"17":{"start":{"line":37,"column":8},"end":{"line":40,"column":11}},"18":{"start":{"line":42,"column":8},"end":{"line":42,"column":38}},"19":{"start":{"line":43,"column":8},"end":{"line":46,"column":11}},"20":{"start":{"line":50,"column":21},"end":{"line":65,"column":1}},"21":{"start":{"line":51,"column":4},"end":{"line":51,"column":43}},"22":{"start":{"line":53,"column":4},"end":{"line":64,"column":5}},"23":{"start":{"line":54,"column":8},"end":{"line":54,"column":31}},"24":{"start":{"line":56,"column":20},"end":{"line":56,"column":30}},"25":{"start":{"line":57,"column":8},"end":{"line":57,"column":36}},"26":{"start":{"line":59,"column":8},"end":{"line":59,"column":71}},"27":{"start":{"line":59,"column":38},"end":{"line":59,"column":71}},"28":{"start":{"line":60,"column":8},"end":{"line":60,"column":71}},"29":{"start":{"line":60,"column":32},"end":{"line":60,"column":71}},"30":{"start":{"line":61,"column":8},"end":{"line":61,"column":83}},"31":{"start":{"line":61,"column":44},"end":{"line":61,"column":83}},"32":{"start":{"line":63,"column":8},"end":{"line":63,"column":34}},"33":{"start":{"line":67,"column":0},"end":{"line":67,"column":30}}},"fnMap":{"0":{"name":"(anonymous_0)","decl":{"start":{"line":11,"column":26},"end":{"line":11,"column":27}},"loc":{"start":{"line":11,"column":35},"end":{"line":14,"column":1}},"line":11},"1":{"name":"(anonymous_1)","decl":{"start":{"line":16,"column":32},"end":{"line":16,"column":33}},"loc":{"start":{"line":16,"column":41},"end":{"line":20,"column":1}},"line":16},"2":{"name":"(anonymous_2)","decl":{"start":{"line":22,"column":32},"end":{"line":22,"column":33}},"loc":{"start":{"line":22,"column":41},"end":{"line":25,"column":1}},"line":22},"3":{"name":"(anonymous_3)","decl":{"start":{"line":23,"column":49},"end":{"line":23,"column":50}},"loc":{"start":{"line":23,"column":54},"end":{"line":23,"column":63}},"line":23},"4":{"name":"(anonymous_4)","decl":{"start":{"line":27,"column":21},"end":{"line":27,"column":22}},"loc":{"start":{"line":27,"column":35},"end":{"line":33,"column":1}},"line":27},"5":{"name":"(anonymous_5)","decl":{"start":{"line":35,"column":22},"end":{"line":35,"column":23}},"loc":{"start":{"line":35,"column":36},"end":{"line":48,"column":1}},"line":35},"6":{"name":"(anonymous_6)","decl":{"start":{"line":50,"column":21},"end":{"line":50,"column":22}},"loc":{"start":{"line":50,"column":46},"end":{"line":65,"column":1}},"line":50}},"branchMap":{"0":{"loc":{"start":{"line":31,"column":12},"end":{"line":31,"column":74}},"type":"binary-expr","locations":[{"start":{"line":31,"column":12},"end":{"line":31,"column":50}},{"start":{"line":31,"column":54},"end":{"line":31,"column":74}}],"line":31},"1":{"loc":{"start":{"line":36,"column":4},"end":{"line":47,"column":5}},"type":"if","locations":[{"start":{"line":36,"column":4},"end":{"line":47,"column":5}},{"start":{"line":41,"column":11},"end":{"line":47,"column":5}}],"line":36},"2":{"loc":{"start":{"line":51,"column":21},"end":{"line":51,"column":42}},"type":"binary-expr","locations":[{"start":{"line":51,"column":21},"end":{"line":51,"column":35}},{"start":{"line":51,"column":39},"end":{"line":51,"column":42}}],"line":51},"3":{"loc":{"start":{"line":53,"column":4},"end":{"line":64,"column":5}},"type":"if","locations":[{"start":{"line":53,"column":4},"end":{"line":64,"column":5}},{"start":{"line":55,"column":11},"end":{"line":64,"column":5}}],"line":53},"4":{"loc":{"start":{"line":59,"column":8},"end":{"line":59,"column":71}},"type":"if","locations":[{"start":{"line":59,"column":8},"end":{"line":59,"column":71}},{"start":{},"end":{}}],"line":59},"5":{"loc":{"start":{"line":60,"column":8},"end":{"line":60,"column":71}},"type":"if","locations":[{"start":{"line":60,"column":8},"end":{"line":60,"column":71}},{"start":{},"end":{}}],"line":60},"6":{"loc":{"start":{"line":61,"column":8},"end":{"line":61,"column":83}},"type":"if","locations":[{"start":{"line":61,"column":8},"end":{"line":61,"column":83}},{"start":{},"end":{}}],"line":61}},"s":{"0":0,"1":0,"2":0,"3":0,"4":0,"5":0,"6":0,"7":0,"8":0,"9":0,"10":0,"11":0,"12":0,"13":0,"14":0,"15":0,"16":0,"17":0,"18":0,"19":0,"20":0,"21":0,"22":0,"23":0,"24":0,"25":0,"26":0,"27":0,"28":0,"29":0,"30":0,"31":0,"32":0,"33":0},"f":{"0":0,"1":0,"2":0,"3":0,"4":0,"5":0,"6":0},"b":{"0":[0,0],"1":[0,0],"2":[0,0],"3":[0,0],"4":[0,0],"5":[0,0],"6":[0,0]}}
,"C:\\Users\\helio.vieira\\Documents\\Projeto Hélio Levi\\Nova pasta\\financas-ai\\src\\shared\\utils\\logger.js": {"path":"C:\\Users\\helio.vieira\\Documents\\Projeto Hélio Levi\\Nova pasta\\financas-ai\\src\\shared\\utils\\logger.js","statementMap":{"0":{"start":{"line":8,"column":16},"end":{"line":8,"column":34}},"1":{"start":{"line":10,"column":15},"end":{"line":26,"column":2}},"2":{"start":{"line":28,"column":0},"end":{"line":28,"column":24}}},"fnMap":{},"branchMap":{"0":{"loc":{"start":{"line":11,"column":11},"end":{"line":11,"column":42}},"type":"binary-expr","locations":[{"start":{"line":11,"column":11},"end":{"line":11,"column":32}},{"start":{"line":11,"column":36},"end":{"line":11,"column":42}}],"line":11}},"s":{"0":0,"1":0,"2":0},"f":{},"b":{"0":[0,0]}}
}
